Using Spark's default log4j profile: org/apache/spark/log4j-defaults.properties
19/04/02 21:35:26 INFO SparkContext: Running Spark version 1.5.2
19/04/02 21:35:26 WARN NativeCodeLoader: Unable to load native-hadoop library for your platform... using builtin-java classes where applicable
19/04/02 21:35:27 INFO SecurityManager: Changing view acls to: agrawalr
19/04/02 21:35:27 INFO SecurityManager: Changing modify acls to: agrawalr
19/04/02 21:35:27 INFO SecurityManager: SecurityManager: authentication disabled; ui acls disabled; users with view permissions: Set(agrawalr); users with modify permissions: Set(agrawalr)
19/04/02 21:35:27 INFO Slf4jLogger: Slf4jLogger started
19/04/02 21:35:27 INFO Remoting: Starting remoting
19/04/02 21:35:28 INFO Remoting: Remoting started; listening on addresses :[akka.tcp://sparkDriver@198.202.118.79:39485]
19/04/02 21:35:28 INFO Utils: Successfully started service 'sparkDriver' on port 39485.
19/04/02 21:35:28 INFO SparkEnv: Registering MapOutputTracker
19/04/02 21:35:28 INFO SparkEnv: Registering BlockManagerMaster
19/04/02 21:35:28 INFO DiskBlockManager: Created local directory at /tmp/blockmgr-10c83fec-ddbb-443a-b246-901e45490d08
19/04/02 21:35:28 INFO MemoryStore: MemoryStore started with capacity 530.0 MB
19/04/02 21:35:28 INFO HttpFileServer: HTTP File server directory is /tmp/spark-8f7db5bb-fa5f-4ed1-97fc-29143200b6f8/httpd-098a7b40-b32c-4339-bf8d-ba7565944473
19/04/02 21:35:28 INFO HttpServer: Starting HTTP Server
19/04/02 21:35:28 INFO Utils: Successfully started service 'HTTP file server' on port 46091.
19/04/02 21:35:28 INFO SparkEnv: Registering OutputCommitCoordinator
19/04/02 21:35:28 INFO Utils: Successfully started service 'SparkUI' on port 4040.
19/04/02 21:35:28 INFO SparkUI: Started SparkUI at http://198.202.118.79:4040
19/04/02 21:35:28 INFO SparkContext: Added JAR file:/home/agrawalr/project5/graph.jar at http://198.202.118.79:46091/jars/graph.jar with timestamp 1554266128430
19/04/02 21:35:28 WARN MetricsSystem: Using default name DAGScheduler for source because spark.app.id is not set.
19/04/02 21:35:28 INFO Executor: Starting executor ID driver on host localhost
19/04/02 21:35:28 INFO Utils: Successfully started service 'org.apache.spark.network.netty.NettyBlockTransferService' on port 36774.
19/04/02 21:35:28 INFO NettyBlockTransferService: Server created on 36774
19/04/02 21:35:28 INFO BlockManagerMaster: Trying to register BlockManager
19/04/02 21:35:28 INFO BlockManagerMasterEndpoint: Registering block manager localhost:36774 with 530.0 MB RAM, BlockManagerId(driver, localhost, 36774)
19/04/02 21:35:28 INFO BlockManagerMaster: Registered BlockManager
19/04/02 21:35:29 INFO MemoryStore: ensureFreeSpace(120040) called with curMem=0, maxMem=555755765
19/04/02 21:35:29 INFO MemoryStore: Block broadcast_0 stored as values in memory (estimated size 117.2 KB, free 529.9 MB)
34909]
19/04/02 21:35:29 INFO Utils: Successfully started service 'sparkDriver' on port 34909.
19/04/02 21:35:29 INFO SparkEnv: Registering MapOutputTracker
19/04/02 21:35:29 INFO SparkEnv: Registering BlockManagerMaster
19/04/02 21:35:29 INFO DiskBlockManager: Created local directory at /tmp/blockmgr-1c8f9ae1-a2a2-4feb-99a7-a1644000143e
19/04/02 21:35:29 INFO MemoryStore: MemoryStore started with capacity 530.0 MB
19/04/02 21:35:29 INFO HttpFileServer: HTTP File server directory is /tmp/spark-4c9e969a-1226-4947-9785-77d8e9428231/httpd-7e044a4d-ff2e-4f79-9909-d20c9a1249b7
19/04/02 21:35:29 INFO HttpServer: Starting HTTP Server
19/04/02 21:35:29 INFO Utils: Successfully started service 'HTTP file server' on port 38038.
19/04/02 21:35:29 INFO SparkEnv: Registering OutputCommitCoordinator
19/04/02 21:35:29 WARN Utils: Service 'SparkUI' could not bind on port 4040. Attempting port 4041.
19/04/02 21:35:29 INFO Utils: Successfully started service 'SparkUI' on port 4041.
19/04/02 21:35:29 INFO SparkUI: Started SparkUI at http://198.202.114.71:4041
19/04/02 21:35:29 INFO SparkContext: Added JAR file:/home/agrawalr/project5/graph.jar at http://198.202.114.71:38038/jars/graph.jar with timestamp 1554266129570
19/04/02 21:35:29 INFO MemoryStore: ensureFreeSpace(120040) called with curMem=0, maxMem=555755765
19/04/02 21:35:29 INFO MemoryStore: Block broadcast_0 stored as values in memory (estimated size 117.2 KB, free 529.9 MB)
19/04/02 21:35:29 WARN MetricsSystem: Using default name DAGScheduler for source because spark.app.id is not set.
19/04/02 21:35:29 INFO Executor: Starting executor ID driver on host localhost
19/04/02 21:35:29 INFO MemoryStore: ensureFreeSpace(12673) called with curMem=120040, maxMem=555755765
19/04/02 21:35:29 INFO MemoryStore: Block broadcast_0_piece0 stored as bytes in memory (estimated size 12.4 KB, free 529.9 MB)
19/04/02 21:35:29 INFO BlockManagerInfo: Added broadcast_0_piece0 in memory on localhost:36434 (size: 12.4 KB, free: 530.0 MB)
19/04/02 21:35:29 INFO SparkContext: Created broadcast 0 from textFile at Graph.scala:10
19/04/02 21:35:29 INFO Utils: Successfully started service 'org.apache.spark.network.netty.NettyBlockTransferService' on port 46097.
19/04/02 21:35:29 INFO NettyBlockTransferService: Server created on 46097
19/04/02 21:35:29 INFO BlockManagerMaster: Trying to register BlockManager
19/04/02 21:35:29 INFO BlockManagerMasterEndpoint: Registering block manager localhost:46097 with 530.0 MB RAM, BlockManagerId(driver, localhost, 46097)
19/04/02 21:35:29 INFO BlockManagerMaster: Registered BlockManager
19/04/02 21:35:30 INFO MemoryStore: ensureFreeSpace(12673) called with curMem=120040, maxMem=555755765
19/04/02 21:35:30 INFO MemoryStore: Block broadcast_0_piece0 stored as bytes in memory (estimated size 12.4 KB, free 529.9 MB)
19/04/02 21:35:30 INFO BlockManagerInfo: Added broadcast_0_piece0 in memory on localhost:36774 (size: 12.4 KB, free: 530.0 MB)
19/04/02 21:35:30 INFO SparkContext: Created broadcast 0 from textFile at Graph.scala:10
19/04/02 21:35:30 INFO FileInputFormat: Total input paths to process : 1
19/04/02 21:35:30 INFO SparkContext: Starting job: collect at Graph.scala:29
19/04/02 21:35:30 INFO DAGScheduler: Registering RDD 4 (flatMap at Graph.scala:19)
19/04/02 21:35:30 INFO DAGScheduler: Registering RDD 3 (map at Graph.scala:17)
19/04/02 21:35:30 INFO DAGScheduler: Registering RDD 10 (flatMap at Graph.scala:19)
19/04/02 21:35:30 INFO DAGScheduler: Registering RDD 3 (map at Graph.scala:17)
19/04/02 21:35:30 INFO DAGScheduler: Registering RDD 16 (flatMap at Graph.scala:19)
19/04/02 21:35:30 INFO DAGScheduler: Registering RDD 3 (map at Graph.scala:17)
19/04/02 21:35:30 INFO DAGScheduler: Registering RDD 22 (flatMap at Graph.scala:19)
19/04/02 21:35:30 INFO DAGScheduler: Registering RDD 3 (map at Graph.scala:17)
19/04/02 21:35:30 INFO DAGScheduler: Registering RDD 28 (flatMap at Graph.scala:19)
19/04/02 21:35:30 INFO DAGScheduler: Registering RDD 3 (map at Graph.scala:17)
19/04/02 21:35:30 INFO DAGScheduler: Registering RDD 34 (map at Graph.scala:29)
19/04/02 21:35:30 INFO DAGScheduler: Got job 0 (collect at Graph.scala:29) with 2 output partitions
19/04/02 21:35:30 INFO DAGScheduler: Final stage: ResultStage 11(collect at Graph.scala:29)
19/04/02 21:35:30 INFO DAGScheduler: Parents of final stage: List(ShuffleMapStage 10)
19/04/02 21:35:30 INFO DAGScheduler: Missing parents: List(ShuffleMapStage 10)
19/04/02 21:35:30 INFO DAGScheduler: Submitting ShuffleMapStage 0 (MapPartitionsRDD[4] at flatMap at Graph.scala:19), which has no missing parents
19/04/02 21:35:30 INFO MemoryStore: ensureFreeSpace(4112) called with curMem=132713, maxMem=555755765
19/04/02 21:35:30 INFO MemoryStore: Block broadcast_1 stored as values in memory (estimated size 4.0 KB, free 529.9 MB)
19/04/02 21:35:30 INFO MemoryStore: ensureFreeSpace(2339) called with curMem=136825, maxMem=555755765
19/04/02 21:35:30 INFO MemoryStore: Block broadcast_1_piece0 stored as bytes in memory (estimated size 2.3 KB, free 529.9 MB)
19/04/02 21:35:30 INFO BlockManagerInfo: Added broadcast_1_piece0 in memory on localhost:36774 (size: 2.3 KB, free: 530.0 MB)
19/04/02 21:35:30 INFO SparkContext: Created broadcast 1 from broadcast at DAGScheduler.scala:861
19/04/02 21:35:30 INFO DAGScheduler: Submitting 2 missing tasks from ShuffleMapStage 0 (MapPartitionsRDD[4] at flatMap at Graph.scala:19)
19/04/02 21:35:30 INFO TaskSchedulerImpl: Adding task set 0.0 with 2 tasks
19/04/02 21:35:30 INFO DAGScheduler: Submitting ShuffleMapStage 1 (MapPartitionsRDD[3] at map at Graph.scala:17), which has no missing parents
19/04/02 21:35:30 INFO MemoryStore: ensureFreeSpace(3688) called with curMem=139164, maxMem=555755765
19/04/02 21:35:30 INFO MemoryStore: Block broadcast_2 stored as values in memory (estimated size 3.6 KB, free 529.9 MB)
19/04/02 21:35:30 INFO MemoryStore: ensureFreeSpace(2142) called with curMem=142852, maxMem=555755765
19/04/02 21:35:30 INFO MemoryStore: Block broadcast_2_piece0 stored as bytes in memory (estimated size 2.1 KB, free 529.9 MB)
19/04/02 21:35:30 INFO BlockManagerInfo: Added broadcast_2_piece0 in memory on localhost:36774 (size: 2.1 KB, free: 530.0 MB)
19/04/02 21:35:30 INFO SparkContext: Created broadcast 2 from broadcast at DAGScheduler.scala:861
19/04/02 21:35:30 INFO DAGScheduler: Submitting 2 missing tasks from ShuffleMapStage 1 (MapPartitionsRDD[3] at map at Graph.scala:17)
19/04/02 21:35:30 INFO TaskSchedulerImpl: Adding task set 1.0 with 2 tasks
19/04/02 21:35:30 INFO TaskSetManager: Starting task 0.0 in stage 0.0 (TID 0, localhost, PROCESS_LOCAL, 2194 bytes)
19/04/02 21:35:30 INFO TaskSetManager: Starting task 1.0 in stage 0.0 (TID 1, localhost, PROCESS_LOCAL, 2194 bytes)
19/04/02 21:35:30 INFO DAGScheduler: Submitting ShuffleMapStage 3 (MapPartitionsRDD[3] at map at Graph.scala:17), which has no missing parents
19/04/02 21:35:30 INFO MemoryStore: ensureFreeSpace(3688) called with curMem=144994, maxMem=555755765
19/04/02 21:35:30 INFO MemoryStore: Block broadcast_3 stored as values in memory (estimated size 3.6 KB, free 529.9 MB)
19/04/02 21:35:30 INFO Executor: Running task 0.0 in stage 0.0 (TID 0)
19/04/02 21:35:30 INFO MemoryStore: ensureFreeSpace(2143) called with curMem=148682, maxMem=555755765
19/04/02 21:35:30 INFO MemoryStore: Block broadcast_3_piece0 stored as bytes in memory (estimated size 2.1 KB, free 529.9 MB)
19/04/02 21:35:30 INFO BlockManagerInfo: Added broadcast_3_piece0 in memory on localhost:36774 (size: 2.1 KB, free: 530.0 MB)
19/04/02 21:35:30 INFO SparkContext: Created broadcast 3 from broadcast at DAGScheduler.scala:861
19/04/02 21:35:30 INFO DAGScheduler: Submitting 2 missing tasks from ShuffleMapStage 3 (MapPartitionsRDD[3] at map at Graph.scala:17)
19/04/02 21:35:30 INFO TaskSchedulerImpl: Adding task set 3.0 with 2 tasks
19/04/02 21:35:30 INFO DAGScheduler: Submitting ShuffleMapStage 5 (MapPartitionsRDD[3] at map at Graph.scala:17), which has no missing parents
19/04/02 21:35:30 INFO MemoryStore: ensureFreeSpace(3688) called with curMem=150825, maxMem=555755765
19/04/02 21:35:30 INFO Executor: Fetching http://198.202.118.79:46091/jars/graph.jar with timestamp 1554266128430
19/04/02 21:35:30 INFO MemoryStore: Block broadcast_4 stored as values in memory (estimated size 3.6 KB, free 529.9 MB)
19/04/02 21:35:30 INFO MemoryStore: ensureFreeSpace(2143) called with curMem=154513, maxMem=555755765
19/04/02 21:35:30 INFO MemoryStore: Block broadcast_4_piece0 stored as bytes in memory (estimated size 2.1 KB, free 529.9 MB)
19/04/02 21:35:30 INFO Executor: Running task 1.0 in stage 0.0 (TID 1)
19/04/02 21:35:30 INFO BlockManagerInfo: Added broadcast_4_piece0 in memory on localhost:36774 (size: 2.1 KB, free: 530.0 MB)
19/04/02 21:35:30 INFO SparkContext: Created broadcast 4 from broadcast at DAGScheduler.scala:861
19/04/02 21:35:30 INFO DAGScheduler: Submitting 2 missing tasks from ShuffleMapStage 5 (MapPartitionsRDD[3] at map at Graph.scala:17)
19/04/02 21:35:30 INFO TaskSchedulerImpl: Adding task set 5.0 with 2 tasks
19/04/02 21:35:30 INFO DAGScheduler: Submitting ShuffleMapStage 7 (MapPartitionsRDD[3] at map at Graph.scala:17), which has no missing parents
19/04/02 21:35:30 INFO MemoryStore: ensureFreeSpace(3688) called with curMem=156656, maxMem=555755765
19/04/02 21:35:30 INFO MemoryStore: Block broadcast_5 stored as values in memory (estimated size 3.6 KB, free 529.9 MB)
19/04/02 21:35:30with 2 tasks
19/04/02 21:35:30 INFO DAGScheduler: Submitting ShuffleMapStage 9 (MapPartitionsRDD[3] at map at Graph.scala:17), which has no missing parents
19/04/02 21:35:30 INFO MemoryStore: ensureFreeSpace(3688) called with curMem=162488, maxMem=555755765
19/04/02 21:35:30 INFO MemoryStore: Block broadcast_6 stored as values in memory (estimated size 3.6 KB, free 529.9 MB)
19/04/02 21:35:30 INFO MemoryStore: ensureFreeSpace(2144) called with curMem=166176, maxMem=555755765
19/04/02 21:35:30 INFO MemoryStore: Block broadcast_6_piece0 stored as bytes in memory (estimated size 2.1 KB, free 529.8 MB)
19/04/02 21:35:30 INFO BlockManagerInfo: Added broadcast_6_piece0 in memory on localhost:36434 (size: 2.1 KB, free: 530.0 MB)
19/04/02 21:35:30 INFO SparkContext: Created broadcast 6 from broadcast at DAGScheduler.scala:861
19/04/02 21:35:30 INFO DAGScheduler: Submitting 2 missing tasks from ShuffleMapStage 9 (MapPartitionsRDD[3] at map at Graph.scala:17)
19/04/02 21:35:30 INFO TaskSchedulerImpl: Adding task set 9.0 with 2 tasks
19/04/02 21:35:30 INFO Executor: Running task 1.0 in stage 0.0 (TID 1)
19/04/02 21:35:30 INFO Executor: Fetching http://198.202.114.71:38451/jars/graph.jar with timestamp 1554266128241
19/04/02 21:35:30 INFO Utils: Fetching http://198.202.114.71:38451/jars/graph.jar to /tmp/spark-7e0fbf9e-bc99-445d-b59a-2402b1604e5e/userFiles-d39a574e-03dd-41dc-9da3-55079806562f/fetchFileTemp1454726459015084718.tmp
19/04/02 21:35:30 INFO Executor: Adding file:/tmp/spark-7e0fbf9e-bc99-445d-b59a-2402b1604e5e/userFiles-d39a574e-03dd-41dc-9da3-55079806562f/graph.jar to class loader
19/04/02 21:35:30 INFO HadoopRDD: Input split: file:/home/agrawalr/project5/small-graph.txt:0+28
19/04/02 21:35:30 INFO HadoopRDD: Input split: file:/home/agrawalr/project5/small-graph.txt:28+28
19/04/02 21:35:30 INFO deprecation: mapred.tip.id is deprecated. Instead, use mapredu19/04/02 21:35:30 INFO Executor: Adding file:/tmp/spark-8f7db5bb-fa5f-4ed1-97fc-29143200b6f8/userFiles-fec69d93-5186-42f4-ba33-b83a7a42f29c/graph.jar to class loader
19/04/02 21:35:30 INFO HadoopRDD: Input split: file:/home/agrawalr/project5/small-graph.txt:0+28
19/04/02 21:35:30 INFO HadoopRDD: Input split: file:/home/agrawalr/project5/small-graph.txt:28+28
19/04/02 21:35:30 INFO deprecation: mapred.tip.id is deprecated. Instead, use mapreduce.task.id
19/04/02 21:35:30 INFO deprecation: mapred.task.id is deprecated. Instead, use mapreduce.task.attempt.id
19/04/02 21:35:30 INFO deprecation: mapred.task.is.map is deprecated. Instead, use mapreduce.task.ismap
19/04/02 21:35:30 INFO deprecation: mapred.task.partition is deprecated. Instead, use mapreduce.task.partition
19/04/02 21:35:30 INFO deprecation: mapred.job.id is deprecated. Instead, use mapreduce.job.id
19/04/02 21:35:31 INFO Executor: Finished task 1.0 in stage 0.0 (TID 1). 2254 bytes result sent to driver
19/04/02 21:35:31 INFO Executor: Finished task 0.0 in stage 0.0 (TID 0). 2254 bytes result sent to driver
19/04/02 21:35:31 INFO TaskSetManager: Starting task 0.0 in stage 1.0 (TID 2, localhost, PROCESS_LOCAL, 2194 bytes)
19/04/02 21:35:31 INFO Executor: Running task 0.0 in stage 1.0 (TID 2)
19/04/02 21:35:31 INFO TaskSetManager: Starting task 1.0 in stage 1.0 (TID 3, localhost, PROCESS_LOCAL, 2194 bytes)
19/04/02 21:35:31 INFO Executor: Running task 1.0 in stage 1.0 (TID 3)
19/04/02 21:35:31 INFO HadoopRDD: Input split: file:/home/agrawalr/project5/small-graph.txt:28+28
19/04/02 21:35:31 INFO HadoopRDD: Input split: file:/home/agrawalr/project5/small-graph.txt:0+28
19/04/02 21:35:31 INFO TaskSetManager: Finished task 0.0 in stage 0.0 (TID 0) in 327 ms on localhost (1/2)
19/04/02 21:35:31 INFO DAGScheduler: ShuffleMapStage 0 (flatMap at Graph.scala:19) finished in 0.363 s
19/04/02 21:35:31 INFO DAGScheduler: looking for newly runnable stages
19/04/02 21:35:31 INFO DAGScheduler: running: Set(ShuffleMapStage 9, ShuffleMapStage 1, ShuffleMapStage 5, ShuffleMapStage 3, ShuffleMapStage 7)
19/04/02 21:35:31 INFO DAGScheduler: waiting: Set(ShuffleMapStage 2, ShuffleMapStage 6, ShuffleMapStage 10, ShuffleMapStage 4, ResultStage 11, ShuffleMapStage 8)
19/04/02 21:35:31 INFO DAGScheduler: failed: Set()
19/04/02 21:35:31 INFO Executor: Finished task 1.0 in stage 1.0 (TID 3). 2254 bytes result sent to driver
19/04/02 21:35:31 INFO DAGScheduler: Missing parents for ShuffleMapStage 2: List(ShuffleMapStage 1)
19/04/02 21:35:31 INFO DAGScheduler: Missing parents for ShuffleMapStage 6: List(ShuffleMapStage 5, ShuffleMapStage 4)
19/04/02 21:35:31 INFO DAGScheduler: Missing parents for ShuffleMapStage 10: List(ShuffleMapStage 9, ShuffleMapStage 8)
19/04/02 21:35:31 INFO DAGScheduler: Missing parents for ShuffleMapStage 4: List(ShuffleMapStage 2, ShuffleMapStage 3)
19/04/02 21:35:31 INFO DAGScheduler: Missing parents for ResultStage 11: List(ShuffleMapStage 10)
19/04/02 21:35:31 INFO DAGScheduler: Missing parents for ShuffleMapStage 8: List(ShuffleMapStage 6, ShuffleMapStage 7)
19/04/02 21:35:31 INFO Executor: Finished task 0.0 in stage 1.0 (TID 2). 2254 bytes result sent to driver
19/04/02 21:35:31 INFO TaskSetManager: Finished task 1.0 in stage 0.0 (TID 1) in 327 ms on localhost (2/2)
19/04/02 21:35:31 INFO TaskSchedulerImpl: Removed TaskSet 0.0, whose tasks have all completed, from pool 
19/04/02 21:35:31 INFO TaskSetManager: Starting task 0.0 in stage 3.0 (TID 4, localhost, PROCESS_LOCAL, 2194 bytes)
19/04/02 21:35:31 INFO Executor: Running task 0.0 in stage 3.0 (TID 4)
19/04/02 21:35:31 INFO HadoopRDD: Input split: file:/home/agrawalr/project5/small-graph.txt:0+28
19/04/02 21:35:31 INFO TaskSetManager: Starting task 1.0 in stage 3.0 (TID 5, localhost, PROCESS_LOCAL, 2194 bytes)
19/04/02 21:35:31 INFO Executor: Running task 1.0 in stage 3.0 (TID 5)
19/04/02 21:35:31 INFO HadoopRDD: Input split: file:/home/agrawalr/project5/small-graph.txt:28+28
19/04/02 21:35:31 INFO TaskSetManager: Finished task 0.0 in stage 1.0 (TID 2) in 132 ms on localhost (1/2)
19/04/02 21:35:31 INFO TaskSetManager: Finished task 1.0 in stage 1.0 (TID 3) in 136 ms on localhost (2/2)
19/04/02 21:35:31 INFO DAGScheduler: ShuffleMapStage 1 (map at Graph.scala:17) finished in 0.415 s
19/04/02 21:35:31 INFO TaskSchedulerImpl: Removed TaskSet 1.0, whose tasks have all completed, from pool 
19/04/02 21:35:31 INFO DAGScheduler: looking for newly runnable stages
19/04/02 21:35:31 INFO DAGScheduler: running: Set(ShuffleMapStage 9, ShuffleMapStage 5, ShuffleMapStage 3, ShuffleMapStage 7)
19/04/02 21:35:31 INFO DAGScheduler: waiting: Set(ShuffleMapStage 2, ShuffleMapStage 6, ShuffleMapStage 10, ShuffleMapStage 4, ResultStage 11, ShuffleMapStage 8)
19/04/02 21:35:31 INFO DAGScheduler: failed: Set()
19/04/02 21:35:31 INFO DAGScheduler: Missing parents for ShuffleMapStage 2: List()
19/04/02 21:35:31 INFO DAGScheduler: Missing parents for ShuffleMapStage 6: List(ShuffleMapStage 5, ShuffleMapStage 4)
19/04/02 21:35:31 INFO DAGScheduler: Missing parents for ShuffleMapStage 10: List(ShuffleMapStage 9, ShuffleMapStage 8)
19/04/02 21:35:31 INFO DAGScheduler: Missing parents for ShuffleMapStage 4: List(ShuffleMapStage 2, ShuffleMapStage 3)
19/04/02 21:35:31 INFO DAGScheduler: Missing parents for ResultStage 11: List(ShuffleMapStage 10)
19/04/02 21:35:31 INFO Executor: Finished task 0.0 in stage 3.0 (TID 4). 2254 bytes result sent to driver
19/04/02 21:35:31 INFO Executor: Finished task 1.0 in stage 3.0 (TID 5). 2254 bytes result sent to driver
19/04/02 21:35:31 INFO TaskSetManager: Starting task 0.0 in stage 5.0 (TID 6, localhost, PROCESS_LOCAL, 2194 bytes)
19/04/02 21:35:31 INFO TaskSetManager: Starting task 1.0 in stage 5.0 (TID 7, localhost, PROCESS_LOCAL, 2194 bytes)
19/04/02 21:35:31 INFO DAGScheduler: Missing parents for ShuffleMapStage 8: List(ShuffleMapStage 6, ShuffleMapStage 7)
19/04/02 21:35:31 INFO DAGScheduler: Submitting ShuffleMapStage 2 (MapPartitionsRDD[10] at flatMap at Graph.scala:19), which is now runnable
19/04/02 21:35:31 INFO Executor: Running task 0.0 in stage 5.0 (TID 6)
19/04/02 21:35:31 INFO TaskSetManager: Finished task 0.0 in stage 3.0 (TID 4) in 49 ms on localhost (1/2)
19/04/02 21:35:31 INFO MemoryStore: ensureFreeSpace(3616) called with curMem=168320, maxMem=555755765
19/04/02 21:35:31 INFO MemoryStore: Block broadcast_7 stored as values in memory (estimated size 3.5 KB, free 529.8 MB)
19/04/02 21:35:31 INFO TaskSetManager: Finished task 1.0 in stage 3.0 (TID 5) in 37 ms on localhost (2/2)
19/04/02 21:35:31 INFO TaskSchedulerImpl: Removed TaskSet 3.0, whose tasks have all completed, from pool 
19/04/02 21:35:31 INFO Executor: Running task 1.0 in stage 5.0 (TID 7)
19/04/02 21:35:31 INFO MemoryStore: ensureFreeSpace(1839) called with curMem=171936, maxMem=555755765
19/04/02 21:35:31 INFO MemoryStore: Block broadcast_7_piece0 stored as bytes in memory (estimated size 1839.0 B, free 529.8 MB)
19/04/02 21:35:31 INFO HadoopRDD: Input split: file:/home/agrawalr/project5/small-graph.txt:28+28
19/04/02 21:35:31 INFO BlockManagerInfo: Added broadcast_7_piece0 in memory on localhost:36774 (size: 1839.0 B, free: 530.0 MB)
19/04/02 21:35:31 INFO SparkContext: Created broadcast 7 from broadcast at DAGScheduler.scala:861
19/04/02 21:35:31 INFO DAGScheduler: Submitting 2 missing tasks from ShuffleMapStage 2 (MapPartitionsRDD[10] at flatMap at Graph.scala:19)
19/04/02 21:35:31 INFO TaskSchedulerImpl: Adding task set 2.0 with 2 tasks
19/04/02 21:35:31 INFO HadoopRDD: Input split: file:/home/agrawalr/project5/small-graph.txt:0+28
19/04/02 21:35:31 INFO Executor: Finished task 1.0 in stage 5.0 (TID 7). 2254 bytes result sent to driver
19/04/02 21:35:31 INFO DAGScheduler: ShuffleMapStage 3 (map at Graph.scala:17) finished in 0.441 s
19/04/02 21:35:31 INFO DAGScheduler: looking for newly runnable stages
19/04/02 21:35:31 INFO DAGScheduler: running: Set(ShuffleMapStage 9, ShuffleMapStage 5, ShuffleMapStage 2, ShuffleMapStage 7)
19/04/02 21:35:31 INFO DAGScheduler: waiting: Set(ShuffleMapStage 6, ShuffleMapStage 10, ShuffleMapStage 4, ResultStage 11, ShuffleMapStage 8)
19/04/02 21:35:31 INFO DAGScheduler: failed: Set()
19/04/02 21:35:31 INFO DAGScheduler: Missing parents for ShuffleMapStage 6: List(ShuffleMapStage 5, ShuffleMapStage 4)
19/04/02 21:35:31 INFO DAGScheduler: Missing parents for ShuffleMapStage 10: List(ShuffleMapStage 9, ShuffleMapStage 8)
19/04/02 21:35:31 INFO DAGScheduler: Missing parents for ShuffleMapStage 4: List(ShuffleMapStage 2)
19/04/02 21:35:31 INFO DAGScheduler: Missing parents for ResultStage 11: List(ShuffleMapStage 10)
19/04/02 21:35:31 INFO DAGScheduler: Missing parents for ShuffleMapStage 8: List(ShuffleMapStage 6, ShuffleMapStage 7)
19/04/02 21:35:31 INFO Executor: Finished task 0.0 in stage 5.0 (TID 6). 2254 bytes result sent to driver
19/04/02 21:35:31 INFO TaskSetManager: Starting task 0.0 in stage 2.0 (TID 8, localhost, PROCESS_LOCAL, 2169 bytes)
19/04/02 21:35:31 INFO Executor: Running task 0.0 in stage 2.0 (TID 8)
19/04/02 21:35:31 INFO TaskSetManager: Starting task 1.0 in stage 2.0 (TID 9, localhost, PROCESS_LOCAL, 2169 bytes)
19/04/02 21:35:31 INFO TaskSetManager: Finished task 1.0 in stage 5.0 (TID 7) in 36 ms on localhost (1/2)
19/04/02 21:35:31 INFO TaskSetManager: Finished task 0.0 in stage 5.0 (TID 6) in 38 ms on localhost (2/2)
19/04/02 21:35:31 INFO TaskSchedulerImpl: Removed TaskSet 5.0, whose tasks have all completed, from pool 
19/04/02 21:35:31 INFO DAGScheduler: ShuffleMapStage 5 (map at Graph.scala:17) finished in 0.446 s
19/04/02 21:35:31 INFO DAGScheduler: looking for newly runnable stages
19/04/02 21:35:31 INFO DAGScheduler: running: Set(ShuffleMapStage 9, ShuffleMapStage 2, ShuffleMapStage 7)
19/04/02 21:35:31 INFO DAGScheduler: waiting: Set(ShuffleMapStage 6, ShuffleMapStage 10, ShuffleMapStage 4, ResultStage 11, ShuffleMapStage 8)
19/04/02 21:35:31 INFO DAGScheduler: failed: Set()
19/04/02 21:35:31 INFO DAGScheduler: Missing parents for ShuffleMapStage 6: List(ShuffleMapStage 4)
19/04/02 21:35:31 INFO DAGScheduler: Missing parents for ShuffleMapStage 10: List(ShuffleMapStage 9, ShuffleMapStage 8)
19/04/02 21:35:31 INFO DAGScheduler: Missing parents for ShuffleMapStage 4: List(ShuffleMapStage 2)
19/04/02 21:35:31 INFO DAGScheduler: Missing parents for ResultStage 11: List(ShuffleMapStage 10)
19/04/02 21:35:31 INFO DAGScheduler: Missing parents for ShuffleMapStage 8: List(ShuffleMapStage 6, ShuffleMapStage 7)
19/04/02 21:35:31 INFO Executor: Running task 1.0 in stage 2.0 (TID 9)
19/04/02 21:35:31 INFO ShuffleBlockFetcherIterator: Getting 2 non-empty blocks out of 2 blocks
19/04/02 21:35:31 INFO ShuffleBlockFetcherIterator: Started 0 remote fetches in 3 ms
19/04/02 21:35:31 INFO ShuffleBlockFetcherIterator: Getting 2 non-empty blocks out of 2 blocks
19/04/02 21:35:31 INFO ShuffleBlockFetcherIterator: Started 0 remote fetches in 1 ms
19/04/02 21:35:31 INFO ShuffleBlockFetcherIterator: Getting 2 non-empty blocks out of 2 blocks
19/04/02 21:35:31 INFO ShuffleBlockFetcherIterator: Started 0 remote fetches in 0 ms
19/04/02 21:35:31 INFO ShuffleBlockFetcherIterator: Getting 2 non-empty blocks out of 2 blocks
19/04/02 21:35:31 INFO ShuffleBlockFetcherIterator: Started 0 remote fetches in 0 ms
19/04/02 21:35:31 INFO Executor: Finished task 0.0 in stage 2.0 (TID 8). 1375 bytes result sent to driver
19/04/02 21:35:31 INFO TaskSetManager: Starting task 0.0 in stage 7.0 (TID 10, localhost, PROCESS_LOCAL, 2194 bytes)
19/04/02 21:35:31 INFO TaskSetManager: Finished task 0.0 in stage 2.0 (TID 8) in 68 ms on localhost (1/2)
19/04/02 21:35:31 INFO Executor: Finished task 1.0 in stage 2.0 (TID 9). 1375 bytes result sent to driver
19/04/02 21:35:31 INFO TaskSetManager: Starting task 1.0 in stage 7.0 (TID 11, localhost, PROCESS_LOCAL, 2194 bytes)
19/04/02 21:35:31 INFO TaskSetManager: Finished task 1.0 in stage 2.0 (TID 9) in 66 ms on localhost (2/2)
19/04/02 21:35:31 INFO Executor: Running task 0.0 in stage 7.0 (TID 10)
19/04/02 21:35:31 INFO HadoopRDD: Input split: file:/home/agrawalr/project5/small-graph.txt:0+28
19/04/02 21:35:31 INFO Executor: Running task 1.0 in stage 7.0 (TID 11)
19/04/02 21:35:31 INFO HadoopRDD: Input split: file:/home/agrawalr/project5/small-graph.txt:28+28
19/04/02 21:35:31 INFO Executor: Finished task 0.0 in stage 7.0 (TID 10). 2254 bytes result sent to driver
19/04/02 21:35:31 INFO DAGScheduler: ShuffleMapStage 2 (flatMap at Graph.scala:19) finished in 0.099 s
19/04/02 21:35:31 INFO DAGScheduler: looking for newly runnable stages
19/04/02 21:35:31 INFO DAGScheduler: running: Set(ShuffleMapStage 9, ShuffleMapStage 7)
19/04/02 21:35:31 INFO DAGScheduler: waiting: Set(ShuffleMapStage 6, ShuffleMapStage 10, ShuffleMapStage 4, ResultStage 11, ShuffleMapStage 8)
19/04/02 21:35:31 INFO DAGScheduler: failed: Set()
19/04/02 21:35:31 INFO DAGScheduler: Missing parents for ShuffleMapStage 6: List(ShuffleMapStage 4)
19/04/02 21:35:31 INFO DAGScheduler: Missing parents for ShuffleMapStage 10: List(ShuffleMapStage 9, ShuffleMapStage 8)
19/04/02 21:35:31 INFO DAGScheduler: Missing parents for ShuffleMapStage 4: List()
19/04/02 21:35:31 INFO DAGScheduler: Missing parents for ResultStage 11: List(ShuffleMapStage 10)
19/04/02 21:35:31 INFO DAGScheduler: Missing parents for ShuffleMapStage 8: List(ShuffleMapStage 6, ShuffleMapStage 7)
19/04/02 21:35:31 INFO DAGScheduler: Submitting ShuffleMapStage 4 (MapPartitionsRDD[16] at flatMap at Graph.scala:19), which is now runnable
19/04/02 21:35:31 INFO MemoryStore: ensureFreeSpace(3616) called with curMem=173775, maxMem=555755765
19/04/02 21:35:31 INFO MemoryStore: Block broadcast_8 stored as values in memory (estimated size 3.5 KB, free 529.8 MB)
19/04/02 21:35:31 INFO MemoryStore: ensureFreeSpace(1858) called with curMem=177391, maxMem=555755765
19/04/02 21:35:31 INFO MemoryStore: Block broadcast_8_piece0 stored as bytes in memory (estimated size 1858.0 B, free 529.8 MB)
19/04/02 21:35:31 INFO BlockManagerInfo: Added broadcast_8_piece0 in memory on localhost:36774 (size: 1858.0 B, free: 530.0 MB)
19/04/02 21:35:31 INFO SparkContext: Created broadcast 8 from broadcast at DAGScheduler.scala:861
19/04/02 21:35:31 INFO DAGScheduler: Submitting 2 missing tasks from ShuffleMapStage 4 (MapPartitionsRDD[16] at flatMap at Graph.scala:19)
19/04/02 21:35:31 INFO TaskSchedulerImpl: Adding task set 4.0 with 2 tasks
19/04/02 21:35:31 INFO TaskSchedulerImpl: Removed TaskSet 2.0, whose tasks have all completed, from pool 
19/04/02 21:35:31 INFO TaskSetManager: Starting task 0.0 in stage 4.0 (TID 12, localhost, PROCESS_LOCAL, 2169 bytes)
19/04/02 21:35:31 INFO TaskSetManager: Finished task 0.0 in stage 7.0 (TID 10) in 22 ms on localhost (1/2)
19/04/02 21:35:31 INFO Executor: Running task 0.0 in stage 4.0 (TID 12)
19/04/02 21:35:31 INFO ShuffleBlockFetcherIterator: Getting 2 non-empty blocks out of 2 blocks
19/04/02 21:35:31 INFO ShuffleBlockFetcherIterator: Started 0 remote fetches in 0 ms
19/04/02 21:35:31 INFO ShuffleBlockFetcherIterator: Getting 2 non-empty blocks out of 2 blocks
19/04/02 21:35:31 INFO ShuffleBlockFetcherIterator: Started 0 remote fetches in 0 ms
19/04/02 21:35:31 INFO Executor: Finished task 0.0 in stage 4.0 (TID 12). 1375 bytes result sent to driver
19/04/02 21:35:31 INFO Executor: Finished task 1.0 in stage 7.0 (TID 11). 2254 bytes result sent to driver
19/04/02 21:35:31 INFO TaskSetManager: Starting task 1.0 in stage 4.0 (TID 13, localhost, PROCESS_LOCAL, 2169 bytes)
19/04/02 21:35:31 INFO TaskSetManager: Starting task 0.0 in stage 9.0 (TID 14, localhost, PROCESS_LOCAL, 2194 bytes)
19/04/02 21:35:31 INFO TaskSetManager: Finished task 0.0 in stage 4.0 (TID 12) in 20 ms on localhost (1/2)
19/04/02 21:35:31 INFO TaskSetManager: Finished task 1.0 in stage 7.0 (TID 11) in 42 ms on localhost (2/2)
19/04/02 21:35:31 INFO TaskSchedulerImpl: Removed TaskSet 7.0, whose tasks have all completed, from pool 
19/04/02 21:35:31 INFO DAGScheduler: ShuffleMapStage 7 (map at Graph.scala:17) finished in 0.540 s
19/04/02 21:35:31 INFO DAGScheduler: looking for newly runnable stages
19/04/02 21:35:31 INFO DAGScheduler: running: Set(ShuffleMapStage 9, ShuffleMapStage 4)
19/04/02 21:35:31 INFO DAGScheduler: waiting: Set(ShuffleMapStage 6, ShuffleMapStage 10, ResultStage 11, ShuffleMapStage 8)
19/04/02 21:35:31 INFO DAGScheduler: failed: Set()
19/04/02 21:35:31 INFO DAGScheduler: Missing parents for ShuffleMapStage 6: List(ShuffleMapStage 4)
19/04/02 21:35:31 INFO DAGScheduler: Missing parents for ShuffleMapStage 10: List(ShuffleMapStage 9, ShuffleMapStage 8)
19/04/02 21:35:31 INFO DAGScheduler: Missing parents for ResultStage 11: List(ShuffleMapStage 10)
19/04/02 21:35:31 INFO DAGScheduler: Missing parents for ShuffleMapStage 8: List(ShuffleMapStage 6)
19/04/02 21:35:31 INFO Executor: Running task 1.0 in stage 4.0 (TID 13)
19/04/02 21:35:31 INFO ShuffleBlockFetcherIterator: Getting 2 non-empty blocks out of 2 blocks
19/04/02 21:35:31 INFO ShuffleBlockFetcherIterator: Started 0 remote fetches in 0 ms
19/04/02 21:35:31 INFO ShuffleBlockFetcherIterator: Getting 2 non-empty blocks out of 2 blocks
19/04/02 21:35:31 INFO ShuffleBlockFetcherIterator: Started 0 remote fetches in 1 ms
19/04/02 21:35:31 INFO Executor: Finished task 1.0 in stage 4.0 (TID 13). 1375 bytes result sent to driver
19/04/02 21:35:31 INFO TaskSetManager: Starting task 1.0 in stage 9.0 (TID 15, localhost, PROCESS_LOCAL, 2194 bytes)
19/04/02 21:35:31 INFO TaskSetManager: Finished task 1.0 in stage 4.0 (TID 13) in 23 ms on localhost (2/2)
19/04/02 21:35:31 INFO TaskSchedulerImpl: Removed TaskSet 4.0, whose tasks have all completed, from pool 
19/04/02 21:35:31 INFO DAGScheduler: ShuffleMapStage 4 (flatMap at Graph.scala:19) finished in 0.041 s
19/04/02 21:35:31 INFO DAGScheduler: looking for newly runnable stages
19/04/02 21:35:31 INFO DAGScheduler: running: Set(ShuffleMapStage 9)
19/04/02 21:35:31 INFO DAGScheduler: waiting: Set(ShuffleMapStage 6, ShuffleMapStage 10, ResultStage 11, ShuffleMapStage 8)
19/04/02 21:35:31 INFO DAGScheduler: failed: Set()
19/04/02 21:35:31 INFO DAGScheduler: Missing parents for ShuffleMapStage 6: List()
19/04/02 21:35:31 INFO DAGScheduler: Missing parents for ShuffleMapStage 10: List(ShuffleMapStage 9, ShuffleMapStage 8)
19/04/02 21:35:31 INFO DAGScheduler: Missing parents for ResultStage 11: List(ShuffleMapStage 10)
19/04/02 21:35:31 INFO DAGScheduler: Missing parents for ShuffleMapStage 8: List(ShuffleMapStage 6)
19/04/02 21:35:31 INFO DAGScheduler: Submitting ShuffleMapStage 6 (MapPartitionsRDD[22] at flatMap at Graph.scala:19), which is now runnable
19/04/02 21:35:31 INFO MemoryStore: ensureFreeSpace(3616) called with curMem=179249, maxMem=555755765
19/04/02 21:35:31 INFO MemoryStore: Block broadcast_9 stored as values in memory (estimated size 3.5 KB, free 529.8 MB)
19/04/02 21:35:31 INFO MemoryStore: ensureFreeSpace(1856) called with curMem=182865, maxMem=555755765
19/04/02 21:35:31 INFO MemoryStore: Block broadcast_9_piece0 stored as bytes in memory (estimated size 1856.0 B, free 529.8 MB)
19/04/02 21:35:31 INFO Executor: Running task 1.0 in stage 9.0 (TID 15)
19/04/02 21:35:31 INFO BlockManagerInfo: Added broadcast_9_piece0 in memory on localhost:36774 (size: 1856.0 B, free: 530.0 MB)
19/04/02 21:35:31 INFO HadoopRDD: Input split: file:/home/agrawalr/project5/small-graph.txt:28+28
19/04/02 21:35:31 INFO SparkContext: Created broadcast 9 from broadcast at DAGScheduler.scala:861
19/04/02 21:35:31 INFO DAGScheduler: Submitting 2 missing tasks from ShuffleMapStage 6 (MapPartitionsRDD[22] at flatMap at Graph.scala:19)
19/04/02 21:35:31 INFO TaskSchedulerImpl: Adding task set 6.0 with 2 tasks
19/04/02 21:35:31 INFO Executor: Running task 0.0 in stage 9.0 (TID 14)
19/04/02 21:35:31 INFO Executor: Finished task 1.0 in stage 9.0 (TID 15). 2254 bytes result sent to driver
19/04/02 21:35:31 INFO TaskSetManager: Starting task 0.0 in stage 6.0 (TID 16, localhost, PROCESS_LOCAL, 2169 bytes)
19/04/02 21:35:31 INFO TaskSetManager: Finished task 1.0 in stage 9.0 (TID 15) in 15 ms on localhost (1/2)
19/04/02 21:35:31 INFO Executor: Running task 0.0 in stage 6.0 (TID 16)
19/04/02 21:35:31 INFO HadoopRDD: Input split: file:/home/agrawalr/project5/small-graph.txt:0+28
19/04/02 21:35:31 INFO ShuffleBlockFetcherIterator: Getting 2 non-empty blocks out of 2 blocks
19/04/02 21:35:31 INFO ShuffleBlockFetcherIterator: Started 0 remote fetches in 0 ms
19/04/02 21:35:31 INFO ShuffleBlockFetcherIterator: Getting 2 non-empty blocks out of 2 blocks
19/04/02 21:35:31 INFO ShuffleBlockFetcherIterator: Started 0 remote fetches in 1 ms
19/04/02 21:35:31 INFO Executor: Finished task 0.0 in stage 6.0 (TID 16). 1375 bytes result sent to driver
19/04/02 21:35:31 INFO TaskSetManager: Starting task 1.0 in stage 6.0 (TID 17, localhost, PROCESS_LOCAL, 2169 bytes)
19/04/02 21:35:31 INFO Executor: Running task 1.0 in stage 6.0 (TID 17)
19/04/02 21:35:31 INFO ShuffleBlockFetcherIterator: Getting 2 non-empty blocks out of 2 blocks
19/04/02 21:35:31 INFO ShuffleBlockFetcherIterator: Started 0 remote fetches in 0 ms
19/04/02 21:35:31 INFO Executor: Finished task 0.0 in stage 9.0 (TID 14). 2254 bytes result sent to driver
19/04/02 21:35:31 INFO TaskSetManager: Finished task 0.0 in stage 6.0 (TID 16) in 27 ms on localhost (1/2)
19/04/02 21:35:31 INFO TaskSetManager: Finished task 0.0 in stage 9.0 (TID 14) in 62 ms on localhost (2/2)
19/04/02 21:35:31 INFO TaskSchedulerImpl: Removed TaskSet 9.0, whose tasks have all completed, from pool 
19/04/02 21:35:31 INFO DAGScheduler: ShuffleMapStage 9 (map at Graph.scala:17) finished in 0.590 s
19/04/02 21:35:31 INFO DAGScheduler: looking for newly runnable stages
19/04/02 21:35:31 INFO DAGScheduler: running: Set(ShuffleMapStage 6)
19/04/02 21:35:31 INFO DAGScheduler: waiting: Set(ShuffleMapStage 10, ResultStage 11, ShuffleMapStage 8)
19/04/02 21:35:31 INFO DAGScheduler: failed: Set()
19/04/02 21:35:31 INFO DAGScheduler: Missing parents for ShuffleMapStage 10: List(ShuffleMapStage 8)
19/04/02 21:35:31 INFO DAGScheduler: Missing parents for ResultStage 11: List(ShuffleMapStage 10)
19/04/02 21:35:31 INFO DAGScheduler: Missing parents for ShuffleMapStage 8: List(ShuffleMapStage 6)
19/04/02 21:35:31 INFO ShuffleBlockFetcherIterator: Getting 2 non-empty blocks out of 2 blocks
19/04/02 21:35:31 INFO ShuffleBlockFetcherIterator: Started 0 remote fetches in 0 ms
19/04/02 21:35:31 INFO Executor: Finished task 1.0 in stage 6.0 (TID 17). 1375 bytes result sent to driver
19/04/02 21:35:31 INFO TaskSetManager: Finished task 1.0 in stage 6.0 (TID 17) in 20 ms on localhost (2/2)
19/04/02 21:35:31 INFO TaskSchedulerImpl: Removed TaskSet 6.0, whose tasks have all completed, from pool 
19/04/02 21:35:31 INFO DAGScheduler: ShuffleMapStage 6 (flatMap at Graph.scala:19) finished in 0.038 s
19/04/02 21:35:31 INFO DAGScheduler: looking for newly runnable stages
19/04/02 21:35:31 INFO DAGScheduler: running: Set()
19/04/02 21:35:31 INFO DAGScheduler: waiting: Set(ShuffleMapStage 10, ResultStage 11, ShuffleMapStage 8)
19/04/02 21:35:31 INFO DAGScheduler: failed: Set()
19/04/02 21:35:31 INFO DAGScheduler: Missing parents for ShuffleMapStage 10: List(ShuffleMapStage 8)
19/04/02 21:35:31 INFO DAGScheduler: Missing parents for ResultStage 11: List(ShuffleMapStage 10)
19/04/02 21:35:31 INFO DAGScheduler: Missing parents for ShuffleMapStage 8: List()
19/04/02 21:35:31 INFO DAGScheduler: Submitting ShuffleMapStage 8 (MapPartitionsRDD[28] at flatMap at Graph.scala:19), which is now runnable
19/04/02 21:35:31 INFO MemoryStore: ensureFreeSpace(3616) called with curMem=184721, maxMem=555755765
19/04/02 21:35:31 INFO MemoryStore: Block broadcast_10 stored as values in memory (estimated size 3.5 KB, free 529.8 MB)
19/04/02 21:35:31 INFO MemoryStore: ensureFreeSpace(1857) called with curMem=188337, maxMem=555755765
19/04/02 21:35:31 INFO MemoryStore: Block broadcast_10_piece0 stored as bytes in memory (estimated size 1857.0 B, free 529.8 MB)
19/04/02 21:35:31 INFO BlockManagerInfo: Added broadcast_10_piece0 in memory on localhost:36774 (size: 1857.0 B, free: 530.0 MB)
19/04/02 21:35:31 INFO SparkContext: Created broadcast 10 from broadcast at DAGScheduler.scala:861
19/04/02 21:35:31 INFO DAGScheduler: Submitting 2 missing tasks from ShuffleMapStage 8 (MapPartitionsRDD[28] at flatMap at Graph.scala:19)
19/04/02 21:35:31 INFO TaskSchedulerImpl: Adding task set 8.0 with 2 tasks
19/04/02 21:35:31 INFO TaskSetManager: Starting task 0.0 in stage 8.0 (TID 18, localhost, PROCESS_LOCAL, 2169 bytes)
19/04/02 21:35:31 INFO TaskSetManager: Starting task 1.0 in stage 8.0 (TID 19, localhost, PROCESS_LOCAL, 2169 bytes)
19/04/02 21:35:31 INFO Executor: Running task 0.0 in stage 8.0 (TID 18)
19/04/02 21:35:31 INFO ShuffleBlockFetcherIterator: Getting 2 non-empty blocks out of 2 blocks
19/04/02 21:35:31 INFO ShuffleBlockFetcherIterator: Started 0 remote fetches in 0 ms
19/04/02 21:35:31 INFO ShuffleBlockFetcherIterator: Getting 2 non-empty blocks out of 2 blocks
19/04/02 21:35:31 INFO ShuffleBlockFetcherIterator: Started 0 remote fetches in 1 ms
19/04/02 21:35:31 INFO Executor: Running task 1.0 in stage 8.0 (TID 19)
19/04/02 21:35:31 INFO ShuffleBlockFetcherIterator: Getting 2 non-empty blocks out of 2 blocks
19/04/02 21:35:31 INFO ShuffleBlockFetcherIterator: Started 0 remote fetches in 0 ms
19/04/02 21:35:31 INFO ShuffleBlockFetcherIterator: Getting 2 non-empty blocks out of 2 blocks
19/04/02 21:35:31 INFO ShuffleBlockFetcherIterator: Started 0 remote fetches in 1 ms
19/04/02 21:35:31 INFO Executor: Finished task 0.0 in stage 8.0 (TID 18). 1375 bytes result sent to driver
19/04/02 21:35:31 INFO TaskSetManager: Finished task 0.0 in stage 8.0 (TID 18) in 18 ms on localhost (1/2)
19/04/02 21:35:31 INFO Executor: Finished task 1.0 in stage 8.0 (TID 19). 1375 bytes result sent to driver
19/04/02 21:35:31 INFO TaskSetManager: Finished task 1.0 in stage 8.0 (TID 19) in 44 ms on localhost (2/2)
19/04/02 21:35:31 INFO TaskSchedulerImpl: Removed TaskSet 8.0, whose tasks have all completed, from pool 
19/04/02 21:35:31 INFO DAGScheduler: ShuffleMapStage 8 (flatMap at Graph.scala:19) finished in 0.044 s
19/04/02 21:35:31 INFO DAGScheduler: looking for newly runnable stages
19/04/02 21:35:31 INFO DAGScheduler: running: Set()
19/04/02 21:35:31 INFO DAGScheduler: waiting: Set(ShuffleMapStage 10, ResultStage 11)
19/04/02 21:35:31 INFO DAGScheduler: failed: Set()
19/04/02 21:35:31 INFO DAGScheduler: Missing parents for ShuffleMapStage 10: List()
19/04/02 21:35:31 INFO DAGScheduler: Missing parents for ResultStage 11: List(ShuffleMapStage 10)
19/04/02 21:35:31 INFO DAGScheduler: Submitting ShuffleMapStage 10 (MapPartitionsRDD[34] at map at Graph.scala:29), which is now runnable
19/04/02 21:35:31 INFO MemoryStore: ensureFreeSpace(3528) called with curMem=190194, maxMem=555755765
19/04/02 21:35:31 INFO MemoryStore: Block broadcast_11 stored as values in memory (estimated size 3.4 KB, free 529.8 MB)
19/04/02 21:35:31 INFO MemoryStore: ensureFreeSpace(1844) called with curMem=193722, maxMem=555755765
19/04/02 21:35:31 INFO MemoryStore: Block broadcast_11_piece0 stored as bytes in memory (estimated size 1844.0 B, free 529.8 MB)
19/04/02 21:35:31 INFO BlockManagerInfo: Added broadcast_11_piece0 in memory on localhost:36774 (size: 1844.0 B, free: 530.0 MB)
19/04/02 21:35:31 INFO SparkContext: Created broadcast 11 from broadcast at DAGScheduler.scala:861
19/04/02 21:35:31 INFO DAGScheduler: Submitting 2 missing tasks from ShuffleMapStage 10 (MapPartitionsRDD[34] at map at Graph.scala:29)
19/04/02 21:35:31 INFO TaskSchedulerImpl: Adding task set 10.0 with 2 tasks
19/04/02 21:35:31 INFO TaskSetManager: Starting task 0.0 in stage 10.0 (TID 20, localhost, PROCESS_LOCAL, 2169 bytes)
19/04/02 21:35:31 INFO TaskSetManager: Starting task 1.0 in stage 10.0 (TID 21, localhost, PROCESS_LOCAL, 2169 bytes)
19/04/02 21:35:31 INFO Executor: Running task 0.0 in stage 10.0 (TID 20)
19/04/02 21:35:31 INFO ShuffleBlockFetcherIterator: Getting 2 non-empty blocks out of 2 blocks
19/04/02 21:35:31 INFO ShuffleBlockFetcherIterator: Started 0 remote fetches in 0 ms
19/04/02 21:35:31 INFO Executor: Running task 1.0 in stage 10.0 (TID 21)
19/04/02 21:35:31 INFO ShuffleBlockFetcherIterator: Getting 2 non-empty blocks out of 2 blocks
19/04/02 21:35:31 INFO ShuffleBlockFetcherIterator: Started 0 remote fetches in 0 ms
19/04/02 21:35:31 INFO ShuffleBlockFetcherIterator: Getting 2 non-empty blocks out of 2 blocks
19/04/02 21:35:31 INFO ShuffleBlockFetcherIterator: Started 0 remote fetches in 1 ms
19/04/02 21:35:31 INFO Executor: Finished task 1.0 in stage 10.0 (TID 21). 1375 bytes result sent to driver
19/04/02 21:35:31 INFO TaskSetManager: Finished task 1.0 in stage 10.0 (TID 21) in 11 ms on localhost (1/2)
19/04/02 21:35:31 INFO ShuffleBlockFetcherIterator: Getting 2 non-empty blocks out of 2 blocks
19/04/02 21:35:31 INFO ShuffleBlockFetcherIterator: Started 0 remote fetches in 1 ms
19/04/02 21:35:31 INFO Executor: Finished task 0.0 in stage 10.0 (TID 20). 1375 bytes result sent to driver
19/04/02 21:35:31 INFO TaskSetManager: Finished task 0.0 in stage 10.0 (TID 20) in 20 ms on localhost (2/2)
19/04/02 21:35:31 INFO TaskSchedulerImpl: Removed TaskSet 10.0, whose tasks have all completed, from pool 
19/04/02 21:35:31 INFO DAGScheduler: ShuffleMapStage 10 (map at Graph.scala:29) finished in 0.021 s
19/04/02 21:35:31 INFO DAGScheduler: looking for newly runnable stages
19/04/02 21:35:31 INFO DAGScheduler: running: Set()
19/04/02 21:35:31 INFO DAGScheduler: waiting: Set(ResultStage 11)
19/04/02 21:35:31 INFO DAGScheduler: failed: Set()
19/04/02 21:35:31 INFO DAGScheduler: Missing parents for ResultStage 11: List()
19/04/02 21:35:31 INFO DAGScheduler: Submitting ResultStage 11 (ShuffledRDD[35] at reduceByKey at Graph.scala:29), which is now runnable
19/04/02 21:35:31 INFO MemoryStore: ensureFreeSpace(2280) called with curMem=195566, maxMem=555755765
19/04/02 21:35:31 INFO MemoryStore: Block broadcast_12 stored as values in memory (estimated size 2.2 KB, free 529.8 MB)
19/04/02 21:35:31 INFO MemoryStore: ensureFreeSpace(1360) called with curMem=197846, maxMem=555755765
19/04/02 21:35:31 INFO MemoryStore: Block broadcast_12_piece0 stored as bytes in memory (estimated size 1360.0 B, free 529.8 MB)
19/04/02 21:35:31 INFO BlockManagerInfo: Added broadcast_12_piece0 in memory on localhost:36774 (size: 1360.0 B, free: 530.0 MB)
19/04/02 21:35:31 INFO SparkContext: Created broadcast 12 from broadcast at DAGScheduler.scala:861
19/04/02 21:35:31 INFO DAGScheduler: Submitting 2 missing tasks from ResultStage 11 (ShuffledRDD[35] at reduceByKey at Graph.scala:29)
19/04/02 21:35:31 INFO TaskSchedulerImpl: Adding task set 11.0 with 2 tasks
19/04/02 21:35:31 INFO TaskSetManager: Starting task 0.0 in stage 11.0 (TID 22, localhost, PROCESS_LOCAL, 1953 bytes)
19/04/02 21:35:31 INFO TaskSetManager: Starting task 1.0 in stage 11.0 (TID 23, localhost,02 21:35:31 INFO ShuffleBlockFetcherIterator: Started 0 remote fetches in 0 ms
19/04/02 21:35:31 INFO Executor: Finished task 0.0 in stage 11.0 (TID 22). 1354 bytes result sent to driver
19/04/02 21:35:31 INFO TaskSetManager: Finished task 0.0 in stage 11.0 (TID 22) in 4 ms on localhost (1/2)
19/04/02 21:35:31 INFO Executor: Running task 1.0 in stage 11.0 (TID 23)
19/04/02 21:35:31 INFO ShuffleBlockFetcherIterator: Getting 2 non-empty blocks out of 2 blocks
19/04/02 21:35:31 INFO ShuffleBlockFetcherIterator: Started 0 remote fetches in 0 ms
19/04/02 21:35:31 INFO Executor: Finished task 1.0 in stage 11.0 (TID 23). 1354 bytes result sent to driver
19/04/02 21:35:31 INFO TaskSetManager: Finished task 1.0 in stage 11.0 (TID 23) in 6 ms on localhost (2/2)
19/04/02 21:35:31 INFO TaskSchedulerImpl: Removed TaskSet 11.0, whose tasks have all completed, from pool 
19/04/02 21:35:31 INFO DAGScheduler: ResultStage 11 (collect at Graph.scala:29) finished in 0.000 s
19/04/02 21:35:31 INFO DAGScheduler: Job 0 finished: collect at Graph.scala:29, took 0.834429 s
(0,3)
(1,7)
19/04/02 21:35:31 INFO SparkContext: Invoking stop() from shutdown hook
19/04/02 21:35:31 INFO MemoryStore: ensureFreeSpace(120040) called with curMem=0, maxMem=555755765
19/04/02 21:35:31 INFO MemoryStore: Block broadcast_0 stored as values in memory (estimated size 117.2 KB, free 529.9 MB)
19/04/02 21:35:31 INFO MemoryStore: ensureFreeSpace(12673) called with curMem=120040, maxMem=555755765
19/04/02 21:35:31 INFO MemoryStore: Block broadcast_0_piece0 stored as bytes in memory (estimated size 12.4 KB, free 529.9 MB)
19/04/02 21:35:31 INFO BlockManagerInfo: Added broadcast_0_piece0 in memory on localhost:46097 (size: 12.4 KB, free: 530.0 MB)
19/04/02 21:35:31 INFO SparkUI: Stopped Spark web UI at http://198.202.114.71:4040
19/04/02 21:35:31 INFO SparkContext: Created broadcast 0 from textFile at Graph.scala:10
19/04/02 21:35:31 INFO DAGScheduler: Stopping DAGScheduler
19/04/02 21:35:31 INFO MapOutputTrackerMasterEndpoint: MapOutputTrackerMasterEndpoint stopped!
19/04/02 21:35:31 INFO MemoryStore: MemoryStore cleared
19/04/02 21:35:31 INFO BlockManager: BlockManager stopped
19/04/02 21:35:31 INFO BlockManagerMaster: BlockManagerMaster stopped
19/04/02 21:35:31 INFO OutputCommitCoordinator$OutputCommitCoordinatorEndpoint: OutputCommitCoordinator stopped!
19/04/02 21:35:31 INFO SparkContext: Successfully stopped SparkContext
19/04/02 21:35:31 INFO ShutdownHookManager: Shutdown hook called
19/04/02 21:35:31 INFO ShutdownHookManager: Deleting directory /tmp/spark-7e0fbf9e-bc99-445d-b59a-2402b1604e5e
19/04/019/04/02 21:35:31 INFO SparkContext: Invoking stop() from shutdown hook
19/04/02 21:35:31 INFO SparkUI: Stopped Spark web UI at http://198.202.118.79:4040
19/04/02 21:35:31 INFO DAGScheduler: Stopping DAGScheduler
19/04/02 21:35:31 INFO MapOutputTrackerMasterEndpoint: MapOutputTrackerMasterEndpoint stopped!
19/04/02 21:35:31 INFO MemoryStore: MemoryStore cleared
19/04/02 21:35:31 INFO BlockManager: BlockManager stopped
19/04/02 21:35:31 INFO BlockManagerMaster: BlockManagerMaster stopped
19/04/02 21:35:31 INFO OutputCommitCoordinator$OutputCommitCoordinatorEndpoint: OutputCommitCoordinator stopped!
19/04/02 21:35:31 INFO SparkContext: Successfully stopped SparkContext
19/04/02 21:35:31 INFO ShutdownHookManager: Shutdown hook called
19/04/02 21:35:31 INFO ShutdownHookManager: Deleting directory /tmp/spark-8f7db5bb-fa5f-4ed1-97fc-29143200b6f8
atMap at Graph.scala:19)
19/04/02 21:35:31 INFO DAGScheduler: Registering RDD 3 (map at Graph.scala:17)
19/04/02 21:35:31 INFO DAGScheduler: Registering RDD 34 (map at Graph.scala:29)
19/04/02 21:35:31 INFO DAGScheduler: Got job 0 (collect at Graph.scala:29) with 2 output partitions
19/04/02 21:35:31 INFO DAGScheduler: Final stage: ResultStage 11(collect at Graph.scala:29)
19/04/02 21:35:31 INFO DAGScheduler: Parents of final stage: List(ShuffleMapStage 10)
19/04/02 21:35:31 INFO DAGScheduler: Missing parents: List(ShuffleMapStage 10)
19/04/02 21:35:31 INFO DAGScheduler: Submitting ShuffleMapStage 0 (MapPartitionsRDD[4] at flatMap at Graph.scala:19), which has no missing parents
19/04/02 21:35:31 INFO MemoryStore: ensureFreeSpace(4112) called with curMem=132713, maxMem=555755765
19/04/02 21:35:31 INFO MemoryStore: Block broadcast_1 stored as values in memory (estimated size 4.0 KB, free 529.9 MB)
19/04/02 21:35:31 INFO MemoryStore: ensureFreeSpace(2339) called with curMem=136825, maxMem=555755765
19/04/02 21:35:31 INFO MemoryStore: Block broadcast_1_piece0 stored as bytes in memory (estimated size 2.3 KB, free 529.9 MB)
19/04/02 21:35:31 INFO BlockManagerInfo: Added broadcast_1_piece0 in memory on localhost:46097 (size: 2.3 KB, free: 530.0 MB)
19/04/02 21:35:31 INFO SparkContext: Created broadcast 1 from broadcast at DAGScheduler.scala:861
19/04/02 21:35:31 INFO DAGScheduler: Submitting 2 missing tasks from ShuffleMapStage 0 (MapPartitionsRDD[4] at flatMap at Graph.scala:19)
19/04/02 21:35:31 INFO TaskSchedulerImpl: Adding task set 0.0 with 2 tasks
19/04/02 21:35:31 INFO DAGScheduler: Submitting ShuffleMapStage 1 (MapPartitionsRDD[3] at map at Graph.scala:17), which has no missing parents
19/04/02 21:35:31 INFO MemoryStore: ensureFreeSpace(3688) called with curMem=139164, maxMem=555755765
19/04/02 21:35:31 INFO MemoryStore: Block broadcast_2 stored as values in memory (estimated size 3.6 KB, free 529.9 MB)
19/04/02 21:35:31 INFO MemoryStore: ensureFreeSpace(2142) called with curMem=142852, maxMem=555755765
19/04/02 21:35:31 INFO MemoryStore: Block broadcast_2_piece0 stored as bytes in memory (estimated size 2.1 KB, free 529.9 MB)
19/04/02 21:35:31 INFO BlockManagerInfo: Added broadcast_2_piece0 in memory on localhost:46097 (size: 2.1 KB, free: 530.0 MB)
19/04/02 21:35:31 INFO SparkContext: Created broadcast 2 from broadcast at DAGScheduler.scala:861
19/04/02 21:35:31 INFO DAGScheduler: Submitting 2 missing tasks from ShuffleMapStage 1 (MapPartitionsRDD[3] at map at Graph.scala:17)
19/04/02 21:35:31 INFO TaskSchedulerImpl: Adding task set 1.0 with 2 tasks
19/04/02 21:35:31 INFO TaskSetManager: Starting task 0.0 in stage 0.0 (TID 0, localhost, PROCESS_LOCAL, 2194 bytes)
19/04/02 21:35:31 INFO TaskSetManager: Starting task 1.0 in stage 0.0 (TID 1, localhost, PROCESS_LOCAL, 2194 bytes)
19/04/02 21:35:31 INFO DAGScheduler: Submitting ShuffleMapStage 3 (MapPartitionsRDD[3] at map at Graph.scala:17), which has no missing parents
19/04/02 21:35:31 INFO MemoryStore: ensureFreeSpace(3688) called with curMem=144994, maxMem=555755765
19/04/02 21:35:31 INFO MemoryStore: Block broadcast_3 stored as values in memory (estimated size 3.6 KB, free 529.9 MB)
19/04/02 21:35:31 INFO MemoryStore: ensureFreeSpace(2143) called with curMem=148682, maxMem=555755765
19/04/02 21:35:31 INFO MemoryStore: Block broadcast_3_piece0 stored as bytes in memory (estimated size 2.1 KB, free 529.9 MB)
19/04/02 21:35:31 INFO BlockManagerInfo: Added broadcast_3_piece0 in memory on localhost:46097 (size: 2.1 KB, free: 530.0 MB)
19/04/02 21:35:31 INFO SparkContext: Created broadcast 3 from broadcast at DAGScheduler.scala:861
19/04/02 21:35:31 INFO DAGScheduler: Submitting 2 missing tasks from ShuffleMapStage 3 (MapPartitionsRDD[3] at map at Graph.scala:17)
19/04/02 21:35:31 INFO TaskSchedulerImpl: Adding task set 3.0 with 2 tasks
19/04/02 21:35:31 INFO DAGScheduler: Submitting ShuffleMapStage 5 (MapPartitionsRDD[3] at map at Graph.scala:17), which has no missing parents
19/04/02 21:35:31 INFO MemoryStore: ensureFreeSpace(3688) called with curMem=150825, maxMem=555755765
19/04/02 21:35:31 INFO MemoryStore: Block broadcast_4 stored as values in memory (estimated size 3.6 KB, free 529.9 MB)
19/04/02 21:35:31 INFO MemoryStore: ensureFreeSpace(2143) called with curMem=154513, maxMem=555755765
19/04/02 21:35:31 INFO MemoryStore: Block broadcast_4_piece0 stored as bytes in memory (estimated size 2.1 KB, free 529.9 MB)
19/04/02 21:35:31 INFO BlockManagerInfo: Added broadcast_4_piece0 in memory on localhost:46097 (size: 2.1 KB, free: 530.0 MB)
19/04/02 21:35:31 INFO SparkContext: Created broadcast 4 from broadcast at DAGScheduler.scala:861
19/04/02 21:35:31 INFO DAGScheduler: Submitting 2 missing tasks from ShuffleMapStage 5 (MapPartitionsRDD[3] at map at Graph.scala:17)
19/04/02 21:35:31 INFO TaskSchedulerImpl: Adding task set 5.0 with 2 tasks
19/04/02 21:35:31 INFO DAGScheduler: Submitting ShuffleMapStage 7 (MapPartitionsRDD[3] at map at Graph.scala:17), which has no missing parents
19/04/02 21:35:31 INFO Executor: Running task 0.0 in stage 0.0 (TID 0)
19/04/02 21:35:31 INFO MemoryStore: ensureFreeSpace(3688) called with curMem=156656, maxMem=555755765
19/04/02 21:35:31 INFO MemoryStore: Block broadcast_5 stored as values in memory (estimated size 3.6 KB, free 529.9 MB)
19/04/02 21:35:31 INFO MemoryStore: ensureFreeSpace(2144) called with curMem=160344, maxMem=555755765
19/04/02 21:35:31 INFO MemoryStore: Block broadcast_5_piece0 stored as bytes in memory (estimated size 2.1 KB, free 529.9 MB)
19/04/02 21:35:31 INFO BlockManagerInfo: Added broadcast_5_piece0 in memory on localhost:46097 (size: 2.1 KB, free: 530.0 MB)
19/04/02 21:35:31 INFO Executor: Fetching http://198.202.114.71:38038/jars/graph.jar with timestamp 1554266129570
19/04/02 21:35:31 INFO SparkContext: Created broadcast 5 from broadcast at DAGScheduler.scala:861
19/04/02 21:35:31 INFO DAGScheduler: Submitting 2 missing tasks from ShuffleMapStage 7 (MapPartitionsRDD[3] at map at Graph.scala:17)
19/04/02 21:35:31 INFO TaskSchedulerImpl: Adding task set 7.0 with 2 tasks
19/04/02 21:35:31 INFO DAGScheduler: Submitting ShuffleMapStage 9 (MapPartitionsRDD[3] at map at Graph.scala:17), which has no missing parents
19/04/02 21:35:31 INFO MemoryStore: ensureFreeSpace(3688) called with curMem=162488, maxMem=555755765
19/04/02 21:35:31 INFO MemoryStore: Block broadcast_6 stored as values in memory (estimated size 3.6 KB, free 529.9 MB)
19/04/02 21:35:31 INFO MemoryStore: ensureFreeSpace(2144) called with curMem=166176, maxMem=555755765
19/04/02 21:35:31 INFO MemoryStore: Block broadcast_6_piece0 stored as bytes in memory (estimated size 2.1 KB, free 529.8 MB)
19/04/02 21:35:31 INFO BlockManagerInfo: Added broadcast_6_piece0 in memory on localhost:46097 (size: 2.1 KB, free: 530.0 MB)
19/04/02 21:35:31 INFO SparkContext: Created broadcast 6 from broadcast at DAGScheduler.scala:861
19/04/02 21:35:31 INFO DAGScheduler: Submitting 2 missing tasks from ShuffleMapStage 9 (MapPartitionsRDD[3] at map at Graph.scala:17)
19/04/02 21:35:31 INFO TaskSchedulerImpl: Adding task set 9.0 with 2 tasks
19/04/02 21:35:31 INFO Executor: Running task 1.0 in stage 0.0 (TID 1)
19/04/02 21:35:31 INFO Utils: Fetching http://198.202.114.71:38038/jars/graph.jar to /tmp/spark-4c9e969a-1226-4947-9785-77d8e9428231/userFiles-fae5f73f-a467-470f-865c-2793c255795a/fetchFileTemp43904854720169747.tmp
19/04/02 21:35:31 INFO Executor: Adding file:/tmp/spark-4c9e969a-1226-4947-9785-77d8e9428231/userFiles-fae5f73f-a467-470f-865c-2793c255795a/graph.jar to class loader
19/04/02 21:35:31 INFO HadoopRDD: Input split: file:/home/agrawalr/project5/small-graph.txt:28+28
19/04/02 21:35:31 INFO HadoopRDD: Input split: file:/home/agrawalr/project5/small-graph.txt:0+28
19/04/02 21:35:31 INFO deprecation: mapred.tip.id is deprecated. Instead, use mapreduce.task.id
19/04/02 21:35:31 INFO deprecation: mapred.task.id is deprecated. Instead, use mapreduce.task.attempt.id
19/04/02 21:35:31 INFO deprecation: mapred.task.is.map is deprecated. Instead, use mapreduce.task.ismap
19/04/02 21:35:31 INFO deprecation: mapred.task.partition is deprecated. Instead, use mapreduce.task.partition
19/04/02 21:35:31 INFO deprecation: mapred.job.id is deprecated. Instead, use mapreduce.job.id
19/04/02 21:35:31 INFO Executor: Finished task 1.0 in stage 0.0 (TID 1). 2254 bytes result sent to driver
19/04/02 21:35:31 INFO Executor: Finished task 0.0 in stage 0.0 (TID 0). 2254 bytes result sent to driver
19/04/02 21:35:31 INFO TaskSetManager: Starting task 0.0 in stage 1.0 (TID 2, localhost, PROCESS_LOCAL, 2194 bytes)
19/04/02 21:35:31 INFO Executor: Running task 0.0 in stage 1.0 (TID 2)
19/04/02 21:35:31 INFO HadoopRDD: Input split: file:/home/agrawalr/project5/small-graph.txt:0+28
19/04/02 21:35:31 INFO TaskSetManager: Starting task 1.0 in stage 1.0 (TID 3, localhost, PROCESS_LOCAL, 2194 bytes)
19/04/02 21:35:31 INFO Executor: Running task 1.0 in stage 1.0 (TID 3)
19/04/02 21:35:31 INFO HadoopRDD: Input split: file:/home/agrawalr/project5/small-graph.txt:28+28
19/04/02 21:35:31 INFO TaskSetManager: Finished task 0.0 in stage 0.0 (TID 0) in 281 ms on localhost (1/2)
19/04/02 21:35:31 INFO Executor: Finished task 1.0 in stage 1.0 (TID 3). 2254 bytes result sent to driver
19/04/02 21:35:31 INFO TaskSetManager: Finished task 1.0 in stage 0.0 (TID 1) in 278 ms on localhost (2/2)
19/04/02 21:35:31 INFO TaskSchedulerImpl: Removed TaskSet 0.0, whose tasks have all completed, from pool 
19/04/02 21:35:31 INFO Executor: Finished task 0.0 in stage 1.0 (TID 2). 2254 bytes result sent to driver
19/04/02 21:35:31 INFO DAGScheduler: ShuffleMapStage 0 (flatMap at Graph.scala:19) finished in 0.297 s
19/04/02 21:35:31 INFO DAGScheduler: looking for newly runnable stages
19/04/02 21:35:31 INFO DAGScheduler: running: Set(ShuffleMapStage 9, ShuffleMapStage 1, ShuffleMapStage 5, ShuffleMapStage 3, ShuffleMapStage 7)
19/04/02 21:35:31 INFO DAGScheduler: waiting: Set(ShuffleMapStage 2, ShuffleMapStage 6, ShuffleMapStage 10, ShuffleMapStage 4, ResultStage 11, ShuffleMapStage 8)
19/04/02 21:35:31 INFO DAGScheduler: failed: Set()
19/04/02 21:35:31 INFO DAGScheduler: Missing parents for ShuffleMapStage 2: List(ShuffleMapStage 1)
19/04/02 21:35:31 INFO DAGScheduler: Missing parents for ShuffleMapStage 6: List(ShuffleMapStage 5, ShuffleMapStage 4)
19/04/02 21:35:31 INFO DAGScheduler: Missing parents for ShuffleMapStage 10: List(ShuffleMapStage 9, ShuffleMapStage 8)
19/04/02 21:35:31 INFO DAGScheduler: Missing parents for ShuffleMapStage 4: List(ShuffleMapStage 2, ShuffleMapStage 3)
19/04/02 21:35:31 INFO DAGScheduler: Missing parents for ResultStage 11: List(ShuffleMapStage 10)
19/04/02 21:35:31 INFO DAGScheduler: Missing parents for ShuffleMapStage 8: List(ShuffleMapStage 6, ShuffleMapStage 7)
19/04/02 21:35:31 INFO TaskSetManager: Starting task 0.0 in stage 3.0 (TID 4, localhost, PROCESS_LOCAL, 2194 bytes)
19/04/02 21:35:31 INFO Executor: Running task 0.0 in stage 3.0 (TID 4)
19/04/02 21:35:31 INFO HadoopRDD: Input split: file:/home/agrawalr/project5/small-graph.txt:0+28
19/04/02 21:35:31 INFO TaskSetManager: Starting task 1.0 in stage 3.0 (TID 5, localhost, PROCESS_LOCAL, 2194 bytes)
19/04/02 21:35:31 INFO TaskSetManager: Finished task 1.0 in stage 1.0 (TID 3) in 94 ms on localhost (1/2)
19/04/02 21:35:31 INFO Executor: Finished task 0.0 in stage 3.0 (TID 4). 2254 bytes result sent to driver
19/04/02 21:35:31 INFO Executor: Running task 1.0 in stage 3.0 (TID 5)
19/04/02 21:35:31 INFO TaskSetManager: Finished task 0.0 in stage 1.0 (TID 2) in 111 ms on localhost (2/2)
19/04/02 21:35:31 INFO TaskSchedulerImpl: Removed TaskSet 1.0, whose tasks have all completed, from pool 
19/04/02 21:35:32 INFO HadoopRDD: Input split: file:/home/agrawalr/project5/small-graph.txt:28+28
19/04/02 21:35:32 INFO TaskSetManager: Starting task 0.0 in stage 5.0 (TID 6, localhost, PROCESS_LOCAL, 2194 bytes)
19/04/02 21:35:32 INFO Executor: Running task 0.0 in stage 5.0 (TID 6)
19/04/02 21:35:32 INFO DAGScheduler: ShuffleMapStage 1 (map at Graph.scala:17) finished in 0.350 s
19/04/02 21:35:32 INFO DAGScheduler: looking for newly runnable stages
19/04/02 21:35:32 INFO DAGScheduler: running: Set(ShuffleMapStage 9, ShuffleMapStage 5, ShuffleMapStage 3, ShuffleMapStage 7)
19/04/02 21:35:32 INFO DAGScheduler: waiting: Set(ShuffleMapStage 2, ShuffleMapStage 6, ShuffleMapStage 10, ShuffleMapStage 4, ResultStage 11, ShuffleMapStage 8)
19/04/02 21:35:32 INFO DAGScheduler: failed: Set()
19/04/02 21:35:32 INFO DAGScheduler: Missing parents for ShuffleMapStage 2: List()
19/04/02 21:35:32 INFO DAGScheduler: Missing parents for ShuffleMapStage 6: List(ShuffleMapStage 5, ShuffleMapStage 4)
19/04/02 21:35:32 INFO DAGScheduler: Missing parents for ShuffleMapStage 10: List(ShuffleMapStage 9, ShuffleMapStage 8)
19/04/02 21:35:32 INFO DAGScheduler: Missing parents for ShuffleMapStage 4: List(ShuffleMapStage 2, ShuffleMapStage 3)
19/04/02 21:35:32 INFO DAGScheduler: Missing parents for ResultStage 11: List(ShuffleMapStage 10)
19/04/02 21:35:32 INFO DAGScheduler: Missing parents for ShuffleMapStage 8: List(ShuffleMapStage 6, ShuffleMapStage 7)
19/04/02 21:35:32 INFO DAGScheduler: Submitting ShuffleMapStage 2 (MapPartitionsRDD[10] at flatMap at Graph.scala:19), which is now runnable
19/04/02 21:35:32 INFO HadoopRDD: Input split: file:/home/agrawalr/project5/small-graph.txt:0+28
19/04/02 21:35:32 INFO Executor: Finished task 0.0 in stage 5.0 (TID 6). 2254 bytes result sent to driver
19/04/02 21:35:32 INFO TaskSetManager: Finished task 0.0 in stage 3.0 (TID 4) in 68 ms on localhost (1/2)
19/04/02 21:35:32 INFO TaskSetManager: Starting task 1.0 in stage 5.0 (TID 7, localhost, PROCESS_LOCAL, 2194 bytes)
19/04/02 21:35:32 INFO TaskSetManager: Finished task 0.0 in stage 5.0 (TID 6) in 20 ms on localhost (1/2)
19/04/02 21:35:32 INFO Executor: Finished task 1.0 in stage 3.0 (TID 5). 2254 bytes result sent to driver
19/04/02 21:35:32 INFO TaskSetManager: Starting task 0.0 in stage 7.0 (TID 8, localhost, PROCESS_LOCAL, 2194 bytes)
19/04/02 21:35:32 INFO Executor: Running task 0.0 in stage 7.0 (TID 8)
19/04/02 21:35:32 INFO HadoopRDD: Input split: file:/home/agrawalr/project5/small-graph.txt:0+28
19/04/02 21:35:32 INFO TaskSetManager: Finished task 1.0 in stage 3.0 (TID 5) in 53 ms on localhost (2/2)
19/04/02 21:35:32 INFO TaskSchedulerImpl: Removed TaskSet 3.0, whose tasks have all completed, from pool 
19/04/02 21:35:32 INFO Executor: Running task 1.0 in stage 5.0 (TID 7)
19/04/02 21:35:32 INFO HadoopRDD: Input split: file:/home/agrawalr/project5/small-graph.txt:28+28
19/04/02 21:35:32 INFO Executor: Finished task 0.0 in stage 7.0 (TID 8). 2254 bytes result sent to driver
19/04/02 21:35:32 INFO TaskSetManager: Starting task 1.0 in stage 7.0 (TID 9, localhost, PROCESS_LOCAL, 2194 bytes)
19/04/02 21:35:32 INFO TaskSetManager: Finished task 0.0 in stage 7.0 (TID 8) in 22 ms on localhost (1/2)
19/04/02 21:35:32 INFO MemoryStore: ensureFreeSpace(3616) called with curMem=168320, maxMem=555755765
19/04/02 21:35:32 INFO MemoryStore: Block broadcast_7 stored as values in memory (estimated size 3.5 KB, free 529.8 MB)
19/04/02 21:35:32 INFO MemoryStore: ensureFreeSpace(1839) called with curMem=171936, maxMem=555755765
19/04/02 21:35:32 INFO MemoryStore: Block broadcast_7_piece0 stored as bytes in memory (estimated size 1839.0 B, free 529.8 MB)
19/04/02 21:35:32 INFO BlockManagerInfo: Added broadcast_7_piece0 in memory on localhost:46097 (size: 1839.0 B, free: 530.0 MB)
19/04/02 21:35:32 INFO SparkContext: Created broadcast 7 from broadcast at DAGScheduler.scala:861
19/04/02 21:35:32 INFO DAGScheduler: Submitting 2 missing tasks from ShuffleMapStage 2 (MapPartitionsRDD[10] at flatMap at Graph.scala:19)
19/04/02 21:35:32 INFO TaskSchedulerImpl: Adding task set 2.0 with 2 tasks
19/04/02 21:35:32 INFO DAGScheduler: ShuffleMapStage 3 (map at Graph.scala:17) finished in 0.396 s
19/04/02 21:35:32 INFO DAGScheduler: looking for newly runnable stages
19/04/02 21:35:32 INFO DAGScheduler: running: Set(ShuffleMapStage 9, ShuffleMapStage 5, ShuffleMapStage 2, ShuffleMapStage 7)
19/04/02 21:35:32 INFO DAGScheduler: waiting: Set(ShuffleMapStage 6, ShuffleMapStage 10, ShuffleMapStage 4, ResultStage 11, ShuffleMapStage 8)
19/04/02 21:35:32 INFO DAGScheduler: failed: Set()
19/04/02 21:35:32 INFO DAGScheduler: Missing parents for ShuffleMapStage 6: List(ShuffleMapStage 5, ShuffleMapStage 4)
19/04/02 21:35:32 INFO DAGScheduler: Missing parents for ShuffleMapStage 10: List(ShuffleMapStage 9, ShuffleMapStage 8)
19/04/02 21:35:32 INFO DAGScheduler: Missing parents for ShuffleMapStage 4: List(ShuffleMapStage 2)
19/04/02 21:35:32 INFO DAGScheduler: Missing parents for ResultStage 11: List(ShuffleMapStage 10)
19/04/02 21:35:32 INFO DAGScheduler: Missing parents for ShuffleMapStage 8: List(ShuffleMapStage 6, ShuffleMapStage 7)
19/04/02 21:35:32 INFO Executor: Finished task 1.0 in stage 5.0 (TID 7). 2254 bytes result sent to driver
19/04/02 21:35:32 INFO Executor: Running task 1.0 in stage 7.0 (TID 9)
19/04/02 21:35:32 INFO TaskSetManager: Starting task 0.0 in stage 2.0 (TID 10, localhost, PROCESS_LOCAL, 2169 bytes)
19/04/02 21:35:32 INFO Executor: Running task 0.0 in stage 2.0 (TID 10)
19/04/02 21:35:32 INFO HadoopRDD: Input split: file:/home/agrawalr/project5/small-graph.txt:28+28
19/04/02 21:35:32 INFO Executor: Finished task 1.0 in stage 7.0 (TID 9). 2254 bytes result sent to driver
19/04/02 21:35:32 INFO TaskSetManager: Starting task 1.0 in stage 2.0 (TID 11, localhost, PROCESS_LOCAL, 2169 bytes)
19/04/02 21:35:32 INFO TaskSetManager: Finished task 1.0 in stage 5.0 (TID 7) in 83 ms on localhost (2/2)
19/04/02 21:35:32 INFO TaskSchedulerImpl: Removed TaskSet 5.0, whose tasks have all completed, from pool 
19/04/02 21:35:32 INFO TaskSetManager: Finished task 1.0 in stage 7.0 (TID 9) in 59 ms on localhost (2/2)
19/04/02 21:35:32 INFO TaskSchedulerImpl: Removed TaskSet 7.0, whose tasks have all completed, from pool 
19/04/02 21:35:32 INFO DAGScheduler: ShuffleMapStage 5 (map at Graph.scala:17) finished in 0.443 s
19/04/02 21:35:32 INFO DAGScheduler: looking for newly runnable stages
19/04/02 21:35:32 INFO DAGScheduler: running: Set(ShuffleMapStage 9, ShuffleMapStage 2, ShuffleMapStage 7)
19/04/02 21:35:32 INFO DAGScheduler: waiting: Set(ShuffleMapStage 6, ShuffleMapStage 10, ShuffleMapStage 4, ResultStage 11, ShuffleMapStage 8)
19/04/02 21:35:32 INFO DAGScheduler: failed: Set()
19/04/02 21:35:32 INFO DAGScheduler: Missing parents for ShuffleMapStage 6: List(ShuffleMapStage 4)
19/04/02 21:35:32 INFO DAGScheduler: Missing parents for ShuffleMapStage 10: List(ShuffleMapStage 9, ShuffleMapStage 8)
19/04/02 21:35:32 INFO DAGScheduler: Missing parents for ShuffleMapStage 4: List(ShuffleMapStage 2)
19/04/02 21:35:32 INFO DAGScheduler: Missing parents for ResultStage 11: List(ShuffleMapStage 10)
19/04/02 21:35:32 INFO DAGScheduler: Missing parents for ShuffleMapStage 8: List(ShuffleMapStage 6, ShuffleMapStage 7)
19/04/02 21:35:32 INFO DAGScheduler: ShuffleMapStage 7 (map at Graph.scala:17) finished in 0.432 s
19/04/02 21:35:32 INFO DAGScheduler: looking for newly runnable stages
19/04/02 21:35:32 INFO DAGScheduler: running: Set(ShuffleMapStage 9, ShuffleMapStage 2)
19/04/02 21:35:32 INFO DAGScheduler: waiting: Set(ShuffleMapStage 6, ShuffleMapStage 10, ShuffleMapStage 4, ResultStage 11, ShuffleMapStage 8)
19/04/02 21:35:32 INFO DAGScheduler: failed: Set()
19/04/02 21:35:32 INFO DAGScheduler: Missing parents for ShuffleMapStage 6: List(ShuffleMapStage 4)
19/04/02 21:35:32 INFO DAGScheduler: Missing parents for ShuffleMapStage 10: List(ShuffleMapStage 9, ShuffleMapStage 8)
19/04/02 21:35:32 INFO DAGScheduler: Missing parents for ShuffleMapStage 4: List(ShuffleMapStage 2)
19/04/02 21:35:32 INFO DAGScheduler: Missing parents for ResultStage 11: List(ShuffleMapStage 10)
19/04/02 21:35:32 INFO DAGScheduler: Missing parents for ShuffleMapStage 8: List(ShuffleMapStage 6)
19/04/02 21:35:32 INFO Executor: Running task 1.0 in stage 2.0 (TID 11)
19/04/02 21:35:32 INFO ShuffleBlockFetcherIterator: Getting 2 non-empty blocks out of 2 blocks
19/04/02 21:35:32 INFO ShuffleBlockFetcherIterator: Started 0 remote fetches in 3 ms
19/04/02 21:35:32 INFO ShuffleBlockFetcherIterator: Getting 2 non-empty blocks out of 2 blocks
19/04/02 21:35:32 INFO ShuffleBlockFetcherIterator: Started 0 remote fetches in 16 ms
19/04/02 21:35:32 INFO ShuffleBlockFetcherIterator: Getting 2 non-empty blocks out of 2 blocks
19/04/02 21:35:32 INFO ShuffleBlockFetcherIterator: Getting 2 non-empty blocks out of 2 blocks
19/04/02 21:35:32 INFO ShuffleBlockFetcherIterator: Started 0 remote fetches in 0 ms
19/04/02 21:35:32 INFO Executor: Finished task 1.0 in stage 2.0 (TID 11). 1375 bytes result sent to driver
19/04/02 21:35:32 INFO ShuffleBlockFetcherIterator: Started 0 remote fetches in 20 ms
19/04/02 21:35:32 INFO TaskSetManager: Starting task 0.0 in stage 9.0 (TID 12, localhost, PROCESS_LOCAL, 2194 bytes)
19/04/02 21:35:32 INFO Executor: Running task 0.0 in stage 9.0 (TID 12)
19/04/02 21:35:32 INFO HadoopRDD: Input split: file:/home/agrawalr/project5/small-graph.txt:0+28
19/04/02 21:35:32 INFO TaskSetManager: Finished task 1.0 in stage 2.0 (TID 11) in 59 ms on localhost (1/2)
19/04/02 21:35:32 INFO Executor: Finished task 0.0 in stage 9.0 (TID 12). 2254 bytes result sent to driver
19/04/02 21:35:32 INFO TaskSetManager: Starting task 1.0 in stage 9.0 (TID 13, localhost, PROCESS_LOCAL, 2194 bytes)
19/04/02 21:35:32 INFO TaskSetManager: Finished task 0.0 in stage 9.0 (TID 12) in 9 ms on localhost (1/2)
19/04/02 21:35:32 INFO Executor: Running task 1.0 in stage 9.0 (TID 13)
19/04/02 21:35:32 INFO HadoopRDD: Input split: file:/home/agrawalr/project5/small-graph.txt:28+28
19/04/02 21:35:32 INFO Executor: Finished task 0.0 in stage 2.0 (TID 10). 1375 bytes result sent to driver
19/04/02 21:35:32 INFO TaskSetManager: Finished task 0.0 in stage 2.0 (TID 10) in 108 ms on localhost (2/2)
19/04/02 21:35:32 INFO TaskSchedulerImpl: Removed TaskSet 2.0, whose tasks have all completed, from pool 
19/04/02 21:35:32 INFO DAGScheduler: ShuffleMapStage 2 (flatMap at Graph.scala:19) finished in 0.126 s
19/04/02 21:35:32 INFO DAGScheduler: looking for newly runnable stages
19/04/02 21:35:32 INFO DAGScheduler: running: Set(ShuffleMapStage 9)
19/04/02 21:35:32 INFO DAGScheduler: waiting: Set(ShuffleMapStage 6, ShuffleMapStage 10, ShuffleMapStage 4, ResultStage 11, ShuffleMapStage 8)
19/04/02 21:35:32 INFO DAGScheduler: failed: Set()
19/04/02 21:35:32 INFO DAGScheduler: Missing parents for ShuffleMapStage 6: List(ShuffleMapStage 4)
19/04/02 21:35:32 INFO DAGScheduler: Missing parents for ShuffleMapStage 10: List(ShuffleMapStage 9, ShuffleMapStage 8)
19/04/02 21:35:32 INFO DAGScheduler: Missing parents for ShuffleMapStage 4: List()
19/04/02 21:35:32 INFO DAGScheduler: Missing parents for ResultStage 11: List(ShuffleMapStage 10)
19/04/02 21:35:32 INFO DAGScheduler: Missing parents for ShuffleMapStage 8: List(ShuffleMapStage 6)
19/04/02 21:35:32 INFO DAGScheduler: Submitting ShuffleMapStage 4 (MapPartitionsRDD[16] at flatMap at Graph.scala:19), which is now runnable
19/04/02 21:35:32 INFO MemoryStore: ensureFreeSpace(3616) called with curMem=173775, maxMem=555755765
19/04/02 21:35:32 INFO MemoryStore: Block broadcast_8 stored as values in memory (estimated size 3.5 KB, free 529.8 MB)
19/04/02 21:35:32 INFO MemoryStore: ensureFreeSpace(1858) called with curMem=177391, maxMem=555755765
19/04/02 21:35:32 INFO MemoryStore: Block broadcast_8_piece0 stored as bytes in memory (estimated size 1858.0 B, free 529.8 MB)
19/04/02 21:35:32 INFO BlockManagerInfo: Added broadcast_8_piece0 in memory on localhost:46097 (size: 1858.0 B, free: 530.0 MB)
19/04/02 21:35:32 INFO SparkContext: Created broadcast 8 from broadcast at DAGScheduler.scala:861
19/04/02 21:35:32 INFO DAGScheduler: Submitting 2 missing tasks from ShuffleMapStage 4 (MapPartitionsRDD[16] at flatMap at Graph.scala:19)
19/04/02 21:35:32 INFO TaskSchedulerImpl: Adding task set 4.0 with 2 tasks
19/04/02 21:35:32 INFO TaskSetManager: Starting task 0.0 in stage 4.0 (TID 14, localhost, PROCESS_LOCAL, 2169 bytes)
19/04/02 21:35:32 INFO Executor: Running task 0.0 in stage 4.0 (TID 14)
19/04/02 21:35:32 INFO ShuffleBlockFetcherIterator: Getting 2 non-empty blocks out of 2 blocks
19/04/02 21:35:32 INFO ShuffleBlockFetcherIterator: Started 0 remote fetches in 0 ms
19/04/02 21:35:32 INFO ShuffleBlockFetcherIterator: Getting 2 non-empty blocks out of 2 blocks
19/04/02 21:35:32 INFO ShuffleBlockFetcherIterator: Started 0 remote fetches in 0 ms
19/04/02 21:35:32 INFO Executor: Finished task 1.0 in stage 9.0 (TID 13). 2254 bytes result sent to driver
19/04/02 21:35:32 INFO TaskSetManager: Starting task 1.0 in stage 4.0 (TID 15, localhost, PROCESS_LOCAL, 2169 bytes)
19/04/02 21:35:32 INFO TaskSetManager: Finished task 1.0 in stage 9.0 (TID 13) in 32 ms on localhost (2/2)
19/04/02 21:35:32 INFO TaskSchedulerImpl: Removed TaskSet 9.0, whose tasks have all completed, from pool 
19/04/02 21:35:32 INFO Executor: Running task 1.0 in stage 4.0 (TID 15)
19/04/02 21:35:32 INFO DAGScheduler: ShuffleMapStage 9 (map at Graph.scala:17) finished in 0.520 s
19/04/02 21:35:32 INFO DAGScheduler: looking for newly runnable stages
19/04/02 21:35:32 INFO DAGScheduler: running: Set(ShuffleMapStage 4)
19/04/02 21:35:32 INFO DAGScheduler: waiting: Set(ShuffleMapStage 6, ShuffleMapStage 10, ResultStage 11, ShuffleMapStage 8)
19/04/02 21:35:32 INFO DAGScheduler: failed: Set()
19/04/02 21:35:32 INFO DAGScheduler: Missing parents for ShuffleMapStage 6: List(ShuffleMapStage 4)
19/04/02 21:35:32 INFO DAGScheduler: Missing parents for ShuffleMapStage 10: List(ShuffleMapStage 8)
19/04/02 21:35:32 INFO DAGScheduler: Missing parents for ResultStage 11: List(ShuffleMapStage 10)
19/04/02 21:35:32 INFO DAGScheduler: Missing parents for ShuffleMapStage 8: List(ShuffleMapStage 6)
19/04/02 21:35:32 INFO ShuffleBlockFetcherIterator: Getting 2 non-empty blocks out of 2 blocks
19/04/02 21:35:32 INFO ShuffleBlockFetcherIterator: Started 0 remote fetches in 0 ms
19/04/02 21:35:32 INFO ShuffleBlockFetcherIterator: Getting 2 non-empty blocks out of 2 blocks
19/04/02 21:35:32 INFO ShuffleBlockFetcherIterator: Started 0 remote fetches in 0 ms
19/04/02 21:35:32 INFO Executor: Finished task 0.0 in stage 4.0 (TID 14). 1375 bytes result sent to driver
19/04/02 21:35:32 INFO TaskSetManager: Finished task 0.0 in stage 4.0 (TID 14) in 22 ms on localhost (1/2)
19/04/02 21:35:32 INFO Executor: Finished task 1.0 in stage 4.0 (TID 15). 1375 bytes result sent to driver
19/04/02 21:35:32 INFO TaskSetManager: Finished task 1.0 in stage 4.0 (TID 15) in 16 ms on localhost (2/2)
19/04/02 21:35:32 INFO TaskSchedulerImpl: Removed TaskSet 4.0, whose tasks have all completed, from pool 
19/04/02 21:35:32 INFO DAGScheduler: ShuffleMapStage 4 (flatMap at Graph.scala:19) finished in 0.031 s
19/04/02 21:35:32 INFO DAGScheduler: looking for newly runnable stages
19/04/02 21:35:32 INFO DAGScheduler: running: Set()
19/04/02 21:35:32 INFO DAGScheduler: waiting: Set(ShuffleMapStage 6, ShuffleMapStage 10, ResultStage 11, ShuffleMapStage 8)
19/04/02 21:35:32 INFO DAGScheduler: failed: Set()
19/04/02 21:35:32 INFO DAGScheduler: Missing parents for ShuffleMapStage 6: List()
19/04/02 21:35:32 INFO DAGScheduler: Missing parents for ShuffleMapStage 10: List(ShuffleMapStage 8)
19/04/02 21:35:32 INFO DAGScheduler: Missing parents for ResultStage 11: List(ShuffleMapStage 10)
19/04/02 21:35:32 INFO DAGScheduler: Missing parents for ShuffleMapStage 8: List(ShuffleMapStage 6)
19/04/02 21:35:32 INFO DAGScheduler: Submitting ShuffleMapStage 6 (MapPartitionsRDD[22] at flatMap at Graph.scala:19), which is now runnable
19/04/02 21:35:32 INFO MemoryStore: ensureFreeSpace(3616) called with curMem=179249, maxMem=555755765
19/04/02 21:35:32 INFO MemoryStore: Block broadcast_9 stored as values in memory (estimated size 3.5 KB, free 529.8 MB)
19/04/02 21:35:32 INFO MemoryStore: ensureFreeSpace(1856) called with curMem=182865, maxMem=555755765
19/04/02 21:35:32 INFO MemoryStore: Block broadcast_9_piece0 stored as bytes in memory (estimated size 1856.0 B, free 529.8 MB)
19/04/02 21:35:32 INFO BlockManagerInfo: Added broadcast_9_piece0 in memory on localhost:46097 (size: 1856.0 B, free: 530.0 MB)
19/04/02 21:35:32 INFO SparkContext: Created broadcast 9 from broadcast at DAGScheduler.scala:861
19/04/02 21:35:32 INFO DAGScheduler: Submitting 2 missing tasks from ShuffleMapStage 6 (MapPartitionsRDD[22] at flatMap at Graph.scala:19)
19/04/02 21:35:32 INFO TaskSchedulerImpl: Adding task set 6.0 with 2 tasks
19/04/02 21:35:32 INFO TaskSetManager: Starting task 0.0 in stage 6.0 (TID 16, localhost, PROCESS_LOCAL, 2169 bytes)
19/04/02 21:35:32 INFO TaskSetManager: Starting task 1.0 in stage 6.0 (TID 17, localhost, PROCESS_LOCAL, 2169 bytes)
19/04/02 21:35:32 INFO Executor: Running task 0.0 in stage 6.0 (TID 16)
19/04/02 21:35:32 INFO ShuffleBlockFetcherIterator: Getting 2 non-empty blocks out of 2 blocks
19/04/02 21:35:32 INFO ShuffleBlockFetcherIterator: Started 0 remote fetches in 0 ms
19/04/02 21:35:32 INFO ShuffleBlockFetcherIterator: Getting 2 non-empty blocks out of 2 blocks
19/04/02 21:35:32 INFO ShuffleBlockFetcherIterator: Started 0 remote fetches in 0 ms
19/04/02 21:35:32 INFO Executor: Finished task 0.0 in stage 6.0 (TID 16). 1375 bytes result sent to driver
19/04/02 21:35:32 INFO TaskSetManager: Finished task 0.0 in stage 6.0 (TID 16) in 16 ms on localhost (1/2)
19/04/02 21:35:32 INFO Executor: Running task 1.0 in stage 6.0 (TID 17)
19/04/02 21:35:32 INFO ShuffleBlockFetcherIterator: Getting 2 non-empty blocks out of 2 blocks
19/04/02 21:35:32 INFO ShuffleBlockFetcherIterator: Started 0 remote fetches in 1 ms
19/04/02 21:35:32 INFO ShuffleBlockFetcherIterator: Getting 2 non-empty blocks out of 2 blocks
19/04/02 21:35:32 INFO ShuffleBlockFetcherIterator: Started 0 remote fetches in 9 ms
19/04/02 21:35:32 INFO Executor: Finished task 1.0 in stage 6.0 (TID 17). 1375 bytes result sent to driver
19/04/02 21:35:32 INFO TaskSetManager: Finished task 1.0 in stage 6.0 (TID 17) in 45 ms on localhost (2/2)
19/04/02 21:35:32 INFO DAGScheduler: ShuffleMapStage 6 (flatMap at Graph.scala:19) finished in 0.045 s
19/04/02 21:35:32 INFO TaskSchedulerImpl: Removed TaskSet 6.0, whose tasks have all completed, from pool 
19/04/02 21:35:32 INFO DAGScheduler: looking for newly runnable stages
19/04/02 21:35:32 INFO DAGScheduler: running: Set()
19/04/02 21:35:32 INFO DAGScheduler: waiting: Set(ShuffleMapStage 10, ResultStage 11, ShuffleMapStage 8)
19/04/02 21:35:32 INFO DAGScheduler: failed: Set()
19/04/02 21:35:32 INFO DAGScheduler: Missing parents for ShuffleMapStage 10: List(ShuffleMapStage 8)
19/04/02 21:35:32 INFO DAGScheduler: Missing parents for ResultStage 11: List(ShuffleMapStage 10)
19/04/02 21:35:32 INFO DAGScheduler: Missing parents for ShuffleMapStage 8: List()
19/04/02 21:35:32 INFO DAGScheduler: Submitting ShuffleMapStage 8 (MapPartitionsRDD[28] at flatMap at Graph.scala:19), which is now runnable
19/04/02 21:35:32 INFO MemoryStore: ensureFreeSpace(3616) called with curMem=184721, maxMem=555755765
19/04/02 21:35:32 INFO MemoryStore: Block broadcast_10 stored as values in memory (estimated size 3.5 KB, free 529.8 MB)
19/04/02 21:35:32 INFO MemoryStore: ensureFreeSpace(1857) called with curMem=188337, maxMem=555755765
19/04/02 21:35:32 INFO MemoryStore: Block broadcast_10_piece0 stored as bytes in memory (estimated size 1857.0 B, free 529.8 MB)
19/04/02 21:35:32 INFO BlockManagerInfo: Added broadcast_10_piece0 in memory on localhost:46097 (size: 1857.0 B, free: 530.0 MB)
19/04/02 21:35:32 INFO SparkContext: Created broadcast 10 from broadcast at DAGScheduler.scala:861
19/04/02 21:35:32 INFO DAGScheduler: Submitting 2 missing tasks from ShuffleMapStage 8 (MapPartitionsRDD[28] at flatMap at Graph.scala:19)
19/04/02 21:35:32 INFO TaskSchedulerImpl: Adding task set 8.0 with 2 tasks
19/04/02 21:35:32 INFO TaskSetManager: Starting task 0.0 in stage 8.0 (TID 18, localhost, PROCESS_LOCAL, 2169 bytes)
19/04/02 21:35:32 INFO TaskSetManager: Starting task 1.0 in stage 8.0 (TID 19, localhost, PROCESS_LOCAL, 2169 bytes)
19/04/02 21:35:32 INFO Executor: Running task 1.0 in stage 8.0 (TID 19)
19/04/02 21:35:32 INFO Executor: Running task 0.0 in stage 8.0 (TID 18)
19/04/02 21:35:32 INFO ShuffleBlockFetcherIterator: Getting 2 non-empty blocks out of 2 blocks
19/04/02 21:35:32 INFO ShuffleBlockFetcherIterator: Started 0 remote fetches in 0 ms
19/04/02 21:35:32 INFO ShuffleBlockFetcherIterator: Getting 2 non-empty blocks out of 2 blocks
19/04/02 21:35:32 INFO ShuffleBlockFetcherIterator: Started 0 remote fetches in 1 ms
19/04/02 21:35:32 INFO ShuffleBlockFetcherIterator: Getting 2 non-empty blocks out of 2 blocks
19/04/02 21:35:32 INFO ShuffleBlockFetcherIterator: Started 0 remote fetches in 0 ms
19/04/02 21:35:32 INFO Executor: Finished task 0.0 in stage 8.0 (TID 18). 1375 bytes result sent to driver
19/04/02 21:35:32 INFO TaskSetManager: Finished task 0.0 in stage 8.0 (TID 18) in 8 ms on localhost (1/2)
19/04/02 21:35:32 INFO ShuffleBlockFetcherIterator: Getting 2 non-empty blocks out of 2 blocks
19/04/02 21:35:32 INFO ShuffleBlockFetcherIterator: Started 0 remote fetches in 4 ms
19/04/02 21:35:32 INFO Executor: Finished task 1.0 in stage 8.0 (TID 19). 1375 bytes result sent to driver
19/04/02 21:35:32 INFO TaskSetManager: Finished task 1.0 in stage 8.0 (TID 19) in 29 ms on localhost (2/2)
19/04/02 21:35:32 INFO TaskSchedulerImpl: Removed TaskSet 8.0, whose tasks have all completed, from pool 
19/04/02 21:35:32 INFO DAGScheduler: ShuffleMapStage 8 (flatMap at Graph.scala:19) finished in 0.031 s
19/04/02 21:35:32 INFO DAGScheduler: looking for newly runnable stages
19/04/02 21:35:32 INFO DAGScheduler: running: Set()
19/04/02 21:35:32 INFO DAGScheduler: waiting: Set(ShuffleMapStage 10, ResultStage 11)
19/04/02 21:35:32 INFO DAGScheduler: failed: Set()
19/04/02 21:35:32 INFO DAGScheduler: Missing parents for ShuffleMapStage 10: List()
19/04/02 21:35:32 INFO DAGScheduler: Missing parents for ResultStage 11: List(ShuffleMapStage 10)
19/04/02 21:35:32 INFO DAGScheduler: Submitting ShuffleMapStage 10 (MapPartitionsRDD[34] at map at Graph.scala:29), which is now runnable
19/04/02 21:35:32 INFO MemoryStore: ensureFreeSpace(3528) called with curMem=190194, maxMem=555755765
19/04/02 21:35:32 INFO MemoryStore: Block broadcast_11 stored as values in memory (estimated size 3.4 KB, free 529.8 MB)
19/04/02 21:35:32 INFO MemoryStore: ensureFreeSpace(1844) called with curMem=193722, maxMem=555755765
19/04/02 21:35:32 INFO MemoryStore: Block broadcast_11_piece0 stored as bytes in memory (estimated size 1844.0 B, free 529.8 MB)
19/04/02 21:35:32 INFO BlockManagerInfo: Added broadcast_11_piece0 in memory on localhost:46097 (size: 1844.0 B, free: 530.0 MB)
19/04/02 21:35:32 INFO SparkContext: Created broadcast 11 from broadcast at DAGScheduler.scala:861
19/04/02 21:35:32 INFO DAGScheduler: Submitting 2 missing tasks from ShuffleMapStage 10 (MapPartitionsRDD[34] at map at Graph.scala:29)
19/04/02 21:35:32 INFO TaskSchedulerImpl: Adding task set 10.0 with 2 tasks
19/04/02 21:35:32 INFO TaskSetManager: Starting task 0.0 in stage 10.0 (TID 20, localhost, PROCESS_LOCAL, 2169 bytes)
19/04/02 21:35:32 INFO TaskSetManager: Starting task 1.0 in stage 10.0 (TID 21, localhost, PROCESS_LOCAL, 2169 bytes)
19/04/02 21:35:32 INFO Executor: Running task 0.0 in stage 10.0 (TID 20)
19/04/02 21:35:32 INFO ShuffleBlockFetcherIterator: Getting 2 non-empty blocks out of 2 blocks
19/04/02 21:35:32 INFO ShuffleBlockFetcherIterator: Started 0 remote fetches in 1 ms
19/04/02 21:35:32 INFO ShuffleBlockFetcherIterator: Getting 2 non-empty blocks out of 2 blocks
19/04/02 21:35:32 INFO ShuffleBlockFetcherIterator: Started 0 remote fetches in 1 ms
19/04/02 21:35:32 INFO Executor: Finished task 0.0 in stage 10.0 (TID 20). 1375 bytes result sent to driver
19/04/02 21:35:32 INFO TaskSetManager: Finished task 0.0 in stage 10.0 (TID 20) in 7 ms on localhost (1/2)
19/04/02 21:35:32 INFO Executor: Running task 1.0 in stage 10.0 (TID 21)
19/04/02 21:35:32 INFO ShuffleBlockFetcherIterator: Getting 2 non-empty blocks out of 2 blocks
19/04/02 21:35:32 INFO ShuffleBlockFetcherIterator: Started 0 remote fetches in 0 ms
19/04/02 21:35:32 INFO ShuffleBlockFetcherIterator: Getting 2 non-empty blocks out of 2 blocks
19/04/02 21:35:32 INFO ShuffleBlockFetcherIterator: Started 0 remote fetches in 0 ms
19/04/02 21:35:32 INFO Executor: Finished task 1.0 in stage 10.0 (TID 21). 1375 bytes result sent to driver
19/04/02 21:35:32 INFO TaskSetManager: Finished task 1.0 in stage 10.0 (TID 21) in 20 ms on localhost (2/2)
19/04/02 21:35:32 INFO TaskSchedulerImpl: Removed TaskSet 10.0, whose tasks have all completed, from pool 
19/04/02 21:35:32 INFO DAGScheduler: ShuffleMapStage 10 (map at Graph.scala:29) finished in 0.026 s
19/04/02 21:35:32 INFO DAGScheduler: looking for newly runnable stages
19/04/02 21:35:32 INFO DAGScheduler: running: Set()
19/04/02 21:35:32 INFO DAGScheduler: waiting: Set(ResultStage 11)
19/04/02 21:35:32 INFO DAGScheduler: failed: Set()
19/04/02 21:35:32 INFO DAGScheduler: Missing parents for ResultStage 11: List()
19/04/02 21:35:32 INFO DAGScheduler: Submitting ResultStage 11 (ShuffledRDD[35] at reduceByKey at Graph.scala:29), which is now runnable
19/04/02 21:35:32 INFO MemoryStore: ensureFreeSpace(2280) called with curMem=195566, maxMem=555755765
19/04/02 21:35:32 INFO MemoryStore: Block broadcast_12 stored as values in memory (estimated size 2.2 KB, free 529.8 MB)
19/04/02 21:35:32 INFO MemoryStore: ensureFreeSpace(1360) called with curMem=197846, maxMem=555755765
19/04/02 21:35:32 INFO MemoryStore: Block broadcast_12_piece0 stored as bytes in memory (estimated size 1360.0 B, free 529.8 MB)
19/04/02 21:35:32 INFO BlockManagerInfo: Added broadcast_12_piece0 in memory on localhost:46097 (size: 1360.0 B, free: 530.0 MB)
19/04/02 21:35:32 INFO SparkContext: Created broadcast 12 from broadcast at DAGScheduler.scala:861
19/04/02 21:35:32 INFO DAGScheduler: Submitting 2 missing tasks from ResultStage 11 (ShuffledRDD[35] at reduceByKey at Graph.scala:29)
19/04/02 21:35:32 INFO TaskSchedulerImpl: Adding task set 11.0 with 2 tasks
19/04/02 21:35:32 INFO TaskSetManager: Starting task 0.0 in stage 11.0 (TID 22, localhost, PROCESS_LOCAL, 1953 bytes)
19/04/02 21:35:32 INFO TaskSetManager: Starting task 1.0 in stage 11.0 (TID 23, localhost, PROCESS_LOCAL, 1953 bytes)
19/04/02 21:35:32 INFO Executor: Running task 1.0 in stage 11.0 (TID 23)
19/04/02 21:35:32 INFO Executor: Running task 0.0 in stage 11.0 (TID 22)
19/04/02 21:35:32 INFO ShuffleBlockFetcherIterator: Getting 2 non-empty blocks out of 2 blocks
19/04/02 21:35:32 INFO ShuffleBlockFetcherIterator: Started 0 remote fetches in 1 ms
19/04/02 21:35:32 INFO Executor: Finished task 0.0 in stage 11.0 (TID 22). 1354 bytes result sent to driver
19/04/02 21:35:32 INFO TaskSetManager: Finished task 0.0 in stage 11.0 (TID 22) in 6 ms on localhost (1/2)
19/04/02 21:35:32 INFO ShuffleBlockFetcherIterator: Getting 2 non-empty blocks out of 2 blocks
19/04/02 21:35:32 INFO ShuffleBlockFetcherIterator: Started 0 remote fetches in 0 ms
19/04/02 21:35:32 INFO Executor: Finished task 1.0 in stage 11.0 (TID 23). 1354 bytes result sent to driver
19/04/02 21:35:32 INFO TaskSetManager: Finished task 1.0 in stage 11.0 (TID 23) in 7 ms on localhost (2/2)
19/04/02 21:35:32 INFO TaskSchedulerImpl: Removed TaskSet 11.0, whose tasks have all completed, from pool 
19/04/02 21:35:32 INFO DAGScheduler: ResultStage 11 (collect at Graph.scala:29) finished in 0.009 s
19/04/02 21:35:32 INFO DAGScheduler: Job 0 finished: collect at Graph.scala:29, took 0.849383 s
(0,3)
(1,7)
19/04/02 21:35:32 INFO SparkContext: Invoking stop() from shutdown hook
19/04/02 21:35:32 INFO SparkUI: Stopped Spark web UI at http://198.202.114.71:4041
19/04/02 21:35:32 INFO DAGScheduler: Stopping DAGScheduler
19/04/02 21:35:32 INFO MapOutputTrackerMasterEndpoint: MapOutputTrackerMasterEndpoint stopped!
19/04/02 21:35:32 INFO MemoryStore: MemoryStore cleared
19/04/02 21:35:32 INFO BlockManager: BlockManager stopped
19/04/02 21:35:32 INFO BlockManagerMaster: BlockManagerMaster stopped
19/04/02 21:35:32 INFO OutputCommitCoordinator$OutputCommitCoordinatorEndpoint: OutputCommitCoordinator stopped!
19/04/02 21:35:32 INFO SparkContext: Successfully stopped SparkContext
19/04/02 21:35:32 INFO ShutdownHookManager: Shutdown hook called
19/04/02 21:35:32 INFO ShutdownHookManager: Deleting directory /tmp/spark-4c9e969a-1226-4947-9785-77d8e9428231
